{"C:\\palmira\\OBS SCHOOL\\OCTAVO MODULO TESTING Y SEGURIDAD\\Proyecto-Testing-Y-Seguridad\\api\\src\\components\\index.ts": {"path":"C:\\palmira\\OBS SCHOOL\\OCTAVO MODULO TESTING Y SEGURIDAD\\Proyecto-Testing-Y-Seguridad\\api\\src\\components\\index.ts","statementMap":{"0":{"start":{"line":1,"column":0},"end":{"line":1,"column":40}},"1":{"start":{"line":6,"column":9},"end":{"line":6,"column":22}},"2":{"start":{"line":2,"column":0},"end":{"line":2,"column":40}},"3":{"start":{"line":6,"column":24},"end":{"line":6,"column":37}},"4":{"start":{"line":3,"column":0},"end":{"line":3,"column":46}},"5":{"start":{"line":6,"column":39},"end":{"line":6,"column":55}},"6":{"start":{"line":4,"column":0},"end":{"line":4,"column":48}},"7":{"start":{"line":6,"column":57},"end":{"line":6,"column":74}}},"fnMap":{},"branchMap":{},"s":{"0":2,"1":2,"2":2,"3":2,"4":2,"5":2,"6":2,"7":2},"f":{},"b":{}}
,"C:\\palmira\\OBS SCHOOL\\OCTAVO MODULO TESTING Y SEGURIDAD\\Proyecto-Testing-Y-Seguridad\\api\\src\\components\\validation.ts": {"path":"C:\\palmira\\OBS SCHOOL\\OCTAVO MODULO TESTING Y SEGURIDAD\\Proyecto-Testing-Y-Seguridad\\api\\src\\components\\validation.ts","statementMap":{"0":{"start":{"line":1,"column":0},"end":{"line":1,"column":22}},"1":{"start":{"line":2,"column":0},"end":{"line":2,"column":33}},"2":{"start":{"line":17,"column":11},"end":{"line":18,"column":94}},"3":{"start":{"line":25,"column":4},"end":{"line":39,"column":8}},"4":{"start":{"line":25,"column":55},"end":{"line":39,"column":6}},"5":{"start":{"line":32,"column":8},"end":{"line":37,"column":null}},"6":{"start":{"line":33,"column":10},"end":{"line":36,"column":12}},"7":{"start":{"line":43,"column":0},"end":{"line":43,"column":26}}},"fnMap":{"0":{"name":"(anonymous_1)","decl":{"start":{"line":24,"column":2},"end":{"line":24,"column":null}},"loc":{"start":{"line":24,"column":2},"end":{"line":40,"column":3}}},"1":{"name":"(anonymous_2)","decl":{"start":{"line":25,"column":32},"end":{"line":25,"column":33}},"loc":{"start":{"line":25,"column":55},"end":{"line":39,"column":6}}},"2":{"name":"(anonymous_3)","decl":{"start":{"line":31,"column":6},"end":{"line":31,"column":14}},"loc":{"start":{"line":31,"column":47},"end":{"line":38,"column":7}}}},"branchMap":{"0":{"loc":{"start":{"line":32,"column":8},"end":{"line":37,"column":null}},"type":"if","locations":[{"start":{"line":32,"column":8},"end":{"line":37,"column":null}},{"start":{},"end":{}}]}},"s":{"0":2,"1":2,"2":8,"3":8,"4":8,"5":0,"6":0,"7":2},"f":{"0":8,"1":8,"2":0},"b":{"0":[0,0]}}
,"C:\\palmira\\OBS SCHOOL\\OCTAVO MODULO TESTING Y SEGURIDAD\\Proyecto-Testing-Y-Seguridad\\api\\src\\components\\AboutMe\\index.ts": {"path":"C:\\palmira\\OBS SCHOOL\\OCTAVO MODULO TESTING Y SEGURIDAD\\Proyecto-Testing-Y-Seguridad\\api\\src\\components\\AboutMe\\index.ts","statementMap":{"0":{"start":{"line":1,"column":0},"end":{"line":1,"column":39}},"1":{"start":{"line":2,"column":0},"end":{"line":2,"column":43}},"2":{"start":{"line":14,"column":2},"end":{"line":20,"column":null}},"3":{"start":{"line":15,"column":40},"end":{"line":15,"column":70}},"4":{"start":{"line":17,"column":4},"end":{"line":17,"column":39}},"5":{"start":{"line":19,"column":4},"end":{"line":19,"column":61}},"6":{"start":{"line":13,"column":0},"end":{"line":13,"column":22}},"7":{"start":{"line":31,"column":2},"end":{"line":37,"column":null}},"8":{"start":{"line":32,"column":35},"end":{"line":32,"column":79}},"9":{"start":{"line":34,"column":4},"end":{"line":34,"column":34}},"10":{"start":{"line":36,"column":4},"end":{"line":36,"column":61}},"11":{"start":{"line":30,"column":0},"end":{"line":30,"column":22}},"12":{"start":{"line":48,"column":2},"end":{"line":54,"column":null}},"13":{"start":{"line":49,"column":35},"end":{"line":49,"column":72}},"14":{"start":{"line":51,"column":4},"end":{"line":51,"column":34}},"15":{"start":{"line":53,"column":4},"end":{"line":53,"column":61}},"16":{"start":{"line":47,"column":0},"end":{"line":47,"column":22}},"17":{"start":{"line":65,"column":2},"end":{"line":71,"column":null}},"18":{"start":{"line":66,"column":35},"end":{"line":66,"column":77}},"19":{"start":{"line":68,"column":4},"end":{"line":68,"column":34}},"20":{"start":{"line":70,"column":4},"end":{"line":70,"column":61}},"21":{"start":{"line":64,"column":0},"end":{"line":64,"column":22}}},"fnMap":{"0":{"name":"findAll","decl":{"start":{"line":13,"column":22},"end":{"line":13,"column":29}},"loc":{"start":{"line":13,"column":77},"end":{"line":21,"column":null}}},"1":{"name":"findOne","decl":{"start":{"line":30,"column":22},"end":{"line":30,"column":29}},"loc":{"start":{"line":30,"column":77},"end":{"line":38,"column":null}}},"2":{"name":"create","decl":{"start":{"line":47,"column":22},"end":{"line":47,"column":28}},"loc":{"start":{"line":47,"column":76},"end":{"line":55,"column":null}}},"3":{"name":"remove","decl":{"start":{"line":64,"column":22},"end":{"line":64,"column":28}},"loc":{"start":{"line":64,"column":76},"end":{"line":72,"column":null}}}},"branchMap":{},"s":{"0":2,"1":2,"2":0,"3":0,"4":0,"5":0,"6":2,"7":0,"8":0,"9":0,"10":0,"11":2,"12":0,"13":0,"14":0,"15":0,"16":2,"17":0,"18":0,"19":0,"20":0,"21":2},"f":{"0":0,"1":0,"2":0,"3":0},"b":{}}
,"C:\\palmira\\OBS SCHOOL\\OCTAVO MODULO TESTING Y SEGURIDAD\\Proyecto-Testing-Y-Seguridad\\api\\src\\components\\AboutMe\\model.ts": {"path":"C:\\palmira\\OBS SCHOOL\\OCTAVO MODULO TESTING Y SEGURIDAD\\Proyecto-Testing-Y-Seguridad\\api\\src\\components\\AboutMe\\model.ts","statementMap":{"0":{"start":{"line":1,"column":0},"end":{"line":1,"column":66}},"1":{"start":{"line":2,"column":0},"end":{"line":2,"column":44}},"2":{"start":{"line":32,"column":22},"end":{"line":43,"column":null}},"3":{"start":{"line":46,"column":0},"end":{"line":46,"column":82}}},"fnMap":{},"branchMap":{},"s":{"0":2,"1":2,"2":2,"3":2},"f":{},"b":{}}
,"C:\\palmira\\OBS SCHOOL\\OCTAVO MODULO TESTING Y SEGURIDAD\\Proyecto-Testing-Y-Seguridad\\api\\src\\components\\AboutMe\\service.ts": {"path":"C:\\palmira\\OBS SCHOOL\\OCTAVO MODULO TESTING Y SEGURIDAD\\Proyecto-Testing-Y-Seguridad\\api\\src\\components\\AboutMe\\service.ts","statementMap":{"0":{"start":{"line":2,"column":0},"end":{"line":2,"column":54}},"1":{"start":{"line":3,"column":0},"end":{"line":3,"column":45}},"2":{"start":{"line":5,"column":0},"end":{"line":5,"column":33}},"3":{"start":{"line":11,"column":40},"end":{"line":106,"column":2}},"4":{"start":{"line":17,"column":4},"end":{"line":26,"column":null}},"5":{"start":{"line":18,"column":21},"end":{"line":18,"column":48}},"6":{"start":{"line":19,"column":6},"end":{"line":23,"column":null}},"7":{"start":{"line":20,"column":8},"end":{"line":20,"column":25}},"8":{"start":{"line":22,"column":8},"end":{"line":22,"column":40}},"9":{"start":{"line":25,"column":6},"end":{"line":25,"column":37}},"10":{"start":{"line":35,"column":4},"end":{"line":56,"column":null}},"11":{"start":{"line":38,"column":11},"end":{"line":40,"column":8}},"12":{"start":{"line":42,"column":6},"end":{"line":44,"column":null}},"13":{"start":{"line":43,"column":8},"end":{"line":43,"column":48}},"14":{"start":{"line":46,"column":6},"end":{"line":53,"column":8}},"15":{"start":{"line":55,"column":6},"end":{"line":55,"column":37}},"16":{"start":{"line":65,"column":4},"end":{"line":77,"column":null}},"17":{"start":{"line":66,"column":60},"end":{"line":66,"column":97}},"18":{"start":{"line":68,"column":6},"end":{"line":70,"column":null}},"19":{"start":{"line":69,"column":8},"end":{"line":69,"column":48}},"20":{"start":{"line":72,"column":34},"end":{"line":72,"column":65}},"21":{"start":{"line":74,"column":6},"end":{"line":74,"column":18}},"22":{"start":{"line":76,"column":6},"end":{"line":76,"column":37}},"23":{"start":{"line":86,"column":4},"end":{"line":104,"column":null}},"24":{"start":{"line":89,"column":11},"end":{"line":91,"column":8}},"25":{"start":{"line":93,"column":6},"end":{"line":95,"column":null}},"26":{"start":{"line":94,"column":8},"end":{"line":94,"column":48}},"27":{"start":{"line":97,"column":34},"end":{"line":99,"column":8}},"28":{"start":{"line":101,"column":6},"end":{"line":101,"column":18}},"29":{"start":{"line":103,"column":6},"end":{"line":103,"column":37}},"30":{"start":{"line":108,"column":0},"end":{"line":108,"column":30}}},"fnMap":{"0":{"name":"(anonymous_8)","decl":{"start":{"line":16,"column":8},"end":{"line":16,"column":15}},"loc":{"start":{"line":16,"column":15},"end":{"line":27,"column":null}}},"1":{"name":"(anonymous_10)","decl":{"start":{"line":34,"column":8},"end":{"line":34,"column":15}},"loc":{"start":{"line":34,"column":26},"end":{"line":57,"column":null}}},"2":{"name":"(anonymous_12)","decl":{"start":{"line":64,"column":8},"end":{"line":64,"column":14}},"loc":{"start":{"line":64,"column":34},"end":{"line":78,"column":null}}},"3":{"name":"(anonymous_14)","decl":{"start":{"line":85,"column":8},"end":{"line":85,"column":14}},"loc":{"start":{"line":85,"column":25},"end":{"line":105,"column":null}}}},"branchMap":{"0":{"loc":{"start":{"line":19,"column":6},"end":{"line":23,"column":null}},"type":"if","locations":[{"start":{"line":19,"column":6},"end":{"line":23,"column":null}},{"start":{"line":21,"column":13},"end":{"line":23,"column":null}}]},"1":{"loc":{"start":{"line":42,"column":6},"end":{"line":44,"column":null}},"type":"if","locations":[{"start":{"line":42,"column":6},"end":{"line":44,"column":null}},{"start":{},"end":{}}]},"2":{"loc":{"start":{"line":68,"column":6},"end":{"line":70,"column":null}},"type":"if","locations":[{"start":{"line":68,"column":6},"end":{"line":70,"column":null}},{"start":{},"end":{}}]},"3":{"loc":{"start":{"line":93,"column":6},"end":{"line":95,"column":null}},"type":"if","locations":[{"start":{"line":93,"column":6},"end":{"line":95,"column":null}},{"start":{},"end":{}}]}},"s":{"0":2,"1":2,"2":2,"3":2,"4":0,"5":0,"6":0,"7":0,"8":0,"9":0,"10":0,"11":0,"12":0,"13":0,"14":0,"15":0,"16":0,"17":0,"18":0,"19":0,"20":0,"21":0,"22":0,"23":0,"24":0,"25":0,"26":0,"27":0,"28":0,"29":0,"30":2},"f":{"0":0,"1":0,"2":0,"3":0},"b":{"0":[0,0],"1":[0,0],"2":[0,0],"3":[0,0]}}
,"C:\\palmira\\OBS SCHOOL\\OCTAVO MODULO TESTING Y SEGURIDAD\\Proyecto-Testing-Y-Seguridad\\api\\src\\components\\AboutMe\\validation.ts": {"path":"C:\\palmira\\OBS SCHOOL\\OCTAVO MODULO TESTING Y SEGURIDAD\\Proyecto-Testing-Y-Seguridad\\api\\src\\components\\AboutMe\\validation.ts","statementMap":{"0":{"start":{"line":1,"column":0},"end":{"line":1,"column":22}},"1":{"start":{"line":2,"column":0},"end":{"line":2,"column":39}},"2":{"start":{"line":17,"column":37},"end":{"line":23,"column":6}},"3":{"start":{"line":25,"column":4},"end":{"line":25,"column":35}},"4":{"start":{"line":36,"column":37},"end":{"line":38,"column":6}},"5":{"start":{"line":40,"column":4},"end":{"line":40,"column":33}},"6":{"start":{"line":51,"column":37},"end":{"line":53,"column":6}},"7":{"start":{"line":55,"column":4},"end":{"line":55,"column":33}},"8":{"start":{"line":59,"column":0},"end":{"line":59,"column":39}}},"fnMap":{"0":{"name":"(anonymous_1)","decl":{"start":{"line":16,"column":2},"end":{"line":16,"column":15}},"loc":{"start":{"line":16,"column":37},"end":{"line":26,"column":3}}},"1":{"name":"(anonymous_2)","decl":{"start":{"line":33,"column":2},"end":{"line":33,"column":12}},"loc":{"start":{"line":33,"column":33},"end":{"line":41,"column":3}}},"2":{"name":"(anonymous_3)","decl":{"start":{"line":48,"column":2},"end":{"line":48,"column":15}},"loc":{"start":{"line":48,"column":36},"end":{"line":56,"column":3}}}},"branchMap":{},"s":{"0":2,"1":2,"2":0,"3":0,"4":0,"5":0,"6":0,"7":0,"8":2},"f":{"0":0,"1":0,"2":0},"b":{}}
,"C:\\palmira\\OBS SCHOOL\\OCTAVO MODULO TESTING Y SEGURIDAD\\Proyecto-Testing-Y-Seguridad\\api\\src\\components\\Auth\\index.ts": {"path":"C:\\palmira\\OBS SCHOOL\\OCTAVO MODULO TESTING Y SEGURIDAD\\Proyecto-Testing-Y-Seguridad\\api\\src\\components\\Auth\\index.ts","statementMap":{"0":{"start":{"line":1,"column":0},"end":{"line":1,"column":43}},"1":{"start":{"line":2,"column":0},"end":{"line":2,"column":31}},"2":{"start":{"line":5,"column":0},"end":{"line":5,"column":43}},"3":{"start":{"line":6,"column":0},"end":{"line":6,"column":36}},"4":{"start":{"line":7,"column":0},"end":{"line":7,"column":42}},"5":{"start":{"line":8,"column":0},"end":{"line":8,"column":45}},"6":{"start":{"line":22,"column":2},"end":{"line":35,"column":null}},"7":{"start":{"line":23,"column":4},"end":{"line":23,"column":43}},"8":{"start":{"line":25,"column":4},"end":{"line":27,"column":7}},"9":{"start":{"line":29,"column":4},"end":{"line":31,"column":null}},"10":{"start":{"line":30,"column":6},"end":{"line":30,"column":70}},"11":{"start":{"line":32,"column":4},"end":{"line":34,"column":7}},"12":{"start":{"line":21,"column":0},"end":{"line":21,"column":22}},"13":{"start":{"line":46,"column":2},"end":{"line":72,"column":null}},"14":{"start":{"line":47,"column":34},"end":{"line":47,"column":69}},"15":{"start":{"line":49,"column":26},"end":{"line":54,"column":null}},"16":{"start":{"line":57,"column":4},"end":{"line":64,"column":9}},"17":{"start":{"line":66,"column":4},"end":{"line":68,"column":null}},"18":{"start":{"line":67,"column":6},"end":{"line":67,"column":70}},"19":{"start":{"line":69,"column":4},"end":{"line":71,"column":7}},"20":{"start":{"line":45,"column":0},"end":{"line":45,"column":22}},"21":{"start":{"line":83,"column":2},"end":{"line":94,"column":null}},"22":{"start":{"line":84,"column":34},"end":{"line":84,"column":73}},"23":{"start":{"line":86,"column":4},"end":{"line":86,"column":50}},"24":{"start":{"line":88,"column":4},"end":{"line":90,"column":null}},"25":{"start":{"line":89,"column":6},"end":{"line":89,"column":70}},"26":{"start":{"line":91,"column":4},"end":{"line":93,"column":7}},"27":{"start":{"line":82,"column":0},"end":{"line":82,"column":22}}},"fnMap":{"0":{"name":"signup","decl":{"start":{"line":21,"column":22},"end":{"line":21,"column":28}},"loc":{"start":{"line":21,"column":76},"end":{"line":36,"column":null}}},"1":{"name":"login","decl":{"start":{"line":45,"column":22},"end":{"line":45,"column":27}},"loc":{"start":{"line":45,"column":75},"end":{"line":73,"column":null}}},"2":{"name":"user","decl":{"start":{"line":82,"column":22},"end":{"line":82,"column":26}},"loc":{"start":{"line":82,"column":82},"end":{"line":95,"column":null}}}},"branchMap":{"0":{"loc":{"start":{"line":29,"column":4},"end":{"line":31,"column":null}},"type":"if","locations":[{"start":{"line":29,"column":4},"end":{"line":31,"column":null}},{"start":{},"end":{}}]},"1":{"loc":{"start":{"line":66,"column":4},"end":{"line":68,"column":null}},"type":"if","locations":[{"start":{"line":66,"column":4},"end":{"line":68,"column":null}},{"start":{},"end":{}}]},"2":{"loc":{"start":{"line":88,"column":4},"end":{"line":90,"column":null}},"type":"if","locations":[{"start":{"line":88,"column":4},"end":{"line":90,"column":null}},{"start":{},"end":{}}]}},"s":{"0":2,"1":2,"2":2,"3":2,"4":2,"5":2,"6":0,"7":0,"8":0,"9":0,"10":0,"11":0,"12":2,"13":0,"14":0,"15":0,"16":0,"17":0,"18":0,"19":0,"20":2,"21":0,"22":0,"23":0,"24":0,"25":0,"26":0,"27":2},"f":{"0":0,"1":0,"2":0},"b":{"0":[0,0],"1":[0,0],"2":[0,0]}}
,"C:\\palmira\\OBS SCHOOL\\OCTAVO MODULO TESTING Y SEGURIDAD\\Proyecto-Testing-Y-Seguridad\\api\\src\\components\\Auth\\service.ts": {"path":"C:\\palmira\\OBS SCHOOL\\OCTAVO MODULO TESTING Y SEGURIDAD\\Proyecto-Testing-Y-Seguridad\\api\\src\\components\\Auth\\service.ts","statementMap":{"0":{"start":{"line":2,"column":0},"end":{"line":2,"column":42}},"1":{"start":{"line":3,"column":0},"end":{"line":3,"column":54}},"2":{"start":{"line":11,"column":34},"end":{"line":73,"column":2}},"3":{"start":{"line":18,"column":4},"end":{"line":43,"column":null}},"4":{"start":{"line":19,"column":57},"end":{"line":19,"column":88}},"5":{"start":{"line":21,"column":6},"end":{"line":23,"column":null}},"6":{"start":{"line":22,"column":8},"end":{"line":22,"column":48}},"7":{"start":{"line":25,"column":31},"end":{"line":28,"column":8}},"8":{"start":{"line":30,"column":32},"end":{"line":32,"column":8}},"9":{"start":{"line":34,"column":6},"end":{"line":36,"column":null}},"10":{"start":{"line":35,"column":8},"end":{"line":35,"column":53}},"11":{"start":{"line":38,"column":32},"end":{"line":38,"column":49}},"12":{"start":{"line":40,"column":6},"end":{"line":40,"column":19}},"13":{"start":{"line":42,"column":6},"end":{"line":42,"column":29}},"14":{"start":{"line":51,"column":4},"end":{"line":71,"column":null}},"15":{"start":{"line":52,"column":57},"end":{"line":52,"column":85}},"16":{"start":{"line":54,"column":6},"end":{"line":56,"column":null}},"17":{"start":{"line":55,"column":8},"end":{"line":55,"column":48}},"18":{"start":{"line":58,"column":31},"end":{"line":60,"column":8}},"19":{"start":{"line":62,"column":33},"end":{"line":62,"column":84}},"20":{"start":{"line":64,"column":6},"end":{"line":66,"column":null}},"21":{"start":{"line":65,"column":8},"end":{"line":65,"column":20}},"22":{"start":{"line":68,"column":6},"end":{"line":68,"column":51}},"23":{"start":{"line":70,"column":6},"end":{"line":70,"column":29}},"24":{"start":{"line":75,"column":0},"end":{"line":75,"column":27}}},"fnMap":{"0":{"name":"(anonymous_8)","decl":{"start":{"line":17,"column":8},"end":{"line":17,"column":18}},"loc":{"start":{"line":17,"column":55},"end":{"line":44,"column":null}}},"1":{"name":"(anonymous_10)","decl":{"start":{"line":50,"column":8},"end":{"line":50,"column":15}},"loc":{"start":{"line":50,"column":32},"end":{"line":72,"column":null}}}},"branchMap":{"0":{"loc":{"start":{"line":21,"column":6},"end":{"line":23,"column":null}},"type":"if","locations":[{"start":{"line":21,"column":6},"end":{"line":23,"column":null}},{"start":{},"end":{}}]},"1":{"loc":{"start":{"line":34,"column":6},"end":{"line":36,"column":null}},"type":"if","locations":[{"start":{"line":34,"column":6},"end":{"line":36,"column":null}},{"start":{},"end":{}}]},"2":{"loc":{"start":{"line":54,"column":6},"end":{"line":56,"column":null}},"type":"if","locations":[{"start":{"line":54,"column":6},"end":{"line":56,"column":null}},{"start":{},"end":{}}]},"3":{"loc":{"start":{"line":62,"column":33},"end":{"line":62,"column":84}},"type":"binary-expr","locations":[{"start":{"line":62,"column":33},"end":{"line":62,"column":37}},{"start":{"line":62,"column":42},"end":{"line":62,"column":83}}]},"4":{"loc":{"start":{"line":64,"column":6},"end":{"line":66,"column":null}},"type":"if","locations":[{"start":{"line":64,"column":6},"end":{"line":66,"column":null}},{"start":{},"end":{}}]}},"s":{"0":2,"1":2,"2":2,"3":0,"4":0,"5":0,"6":0,"7":0,"8":0,"9":0,"10":0,"11":0,"12":0,"13":0,"14":0,"15":0,"16":0,"17":0,"18":0,"19":0,"20":0,"21":0,"22":0,"23":0,"24":2},"f":{"0":0,"1":0},"b":{"0":[0,0],"1":[0,0],"2":[0,0],"3":[0,0],"4":[0,0]}}
,"C:\\palmira\\OBS SCHOOL\\OCTAVO MODULO TESTING Y SEGURIDAD\\Proyecto-Testing-Y-Seguridad\\api\\src\\components\\Auth\\validation.ts": {"path":"C:\\palmira\\OBS SCHOOL\\OCTAVO MODULO TESTING Y SEGURIDAD\\Proyecto-Testing-Y-Seguridad\\api\\src\\components\\Auth\\validation.ts","statementMap":{"0":{"start":{"line":1,"column":0},"end":{"line":1,"column":22}},"1":{"start":{"line":2,"column":0},"end":{"line":2,"column":39}},"2":{"start":{"line":18,"column":37},"end":{"line":25,"column":6}},"3":{"start":{"line":27,"column":4},"end":{"line":27,"column":35}},"4":{"start":{"line":36,"column":37},"end":{"line":43,"column":6}},"5":{"start":{"line":45,"column":4},"end":{"line":45,"column":35}},"6":{"start":{"line":49,"column":0},"end":{"line":49,"column":36}}},"fnMap":{"0":{"name":"(anonymous_1)","decl":{"start":{"line":17,"column":2},"end":{"line":17,"column":12}},"loc":{"start":{"line":17,"column":51},"end":{"line":28,"column":3}}},"1":{"name":"(anonymous_2)","decl":{"start":{"line":35,"column":2},"end":{"line":35,"column":9}},"loc":{"start":{"line":35,"column":28},"end":{"line":46,"column":3}}}},"branchMap":{},"s":{"0":2,"1":2,"2":0,"3":0,"4":0,"5":0,"6":2},"f":{"0":0,"1":0},"b":{}}
,"C:\\palmira\\OBS SCHOOL\\OCTAVO MODULO TESTING Y SEGURIDAD\\Proyecto-Testing-Y-Seguridad\\api\\src\\components\\Projects\\index.ts": {"path":"C:\\palmira\\OBS SCHOOL\\OCTAVO MODULO TESTING Y SEGURIDAD\\Proyecto-Testing-Y-Seguridad\\api\\src\\components\\Projects\\index.ts","statementMap":{"0":{"start":{"line":1,"column":0},"end":{"line":1,"column":40}},"1":{"start":{"line":2,"column":0},"end":{"line":2,"column":43}},"2":{"start":{"line":14,"column":2},"end":{"line":20,"column":null}},"3":{"start":{"line":15,"column":43},"end":{"line":15,"column":74}},"4":{"start":{"line":17,"column":4},"end":{"line":17,"column":81}},"5":{"start":{"line":17,"column":53},"end":{"line":17,"column":78}},"6":{"start":{"line":19,"column":4},"end":{"line":19,"column":61}},"7":{"start":{"line":13,"column":0},"end":{"line":13,"column":22}},"8":{"start":{"line":31,"column":2},"end":{"line":40,"column":null}},"9":{"start":{"line":32,"column":43},"end":{"line":32,"column":87}},"10":{"start":{"line":33,"column":4},"end":{"line":36,"column":null}},"11":{"start":{"line":34,"column":6},"end":{"line":34,"column":66}},"12":{"start":{"line":35,"column":6},"end":{"line":35,"column":13}},"13":{"start":{"line":37,"column":4},"end":{"line":37,"column":34}},"14":{"start":{"line":39,"column":4},"end":{"line":39,"column":61}},"15":{"start":{"line":30,"column":0},"end":{"line":30,"column":22}},"16":{"start":{"line":51,"column":2},"end":{"line":56,"column":null}},"17":{"start":{"line":52,"column":36},"end":{"line":52,"column":74}},"18":{"start":{"line":53,"column":4},"end":{"line":53,"column":34}},"19":{"start":{"line":55,"column":4},"end":{"line":55,"column":53}},"20":{"start":{"line":50,"column":0},"end":{"line":50,"column":22}},"21":{"start":{"line":67,"column":2},"end":{"line":75,"column":null}},"22":{"start":{"line":68,"column":4},"end":{"line":68,"column":47}},"23":{"start":{"line":69,"column":4},"end":{"line":69,"column":24}},"24":{"start":{"line":70,"column":36},"end":{"line":70,"column":74}},"25":{"start":{"line":72,"column":4},"end":{"line":72,"column":34}},"26":{"start":{"line":74,"column":4},"end":{"line":74,"column":61}},"27":{"start":{"line":66,"column":0},"end":{"line":66,"column":22}},"28":{"start":{"line":86,"column":2},"end":{"line":92,"column":null}},"29":{"start":{"line":87,"column":36},"end":{"line":87,"column":77}},"30":{"start":{"line":89,"column":4},"end":{"line":89,"column":34}},"31":{"start":{"line":91,"column":4},"end":{"line":91,"column":61}},"32":{"start":{"line":85,"column":0},"end":{"line":85,"column":22}}},"fnMap":{"0":{"name":"findAll","decl":{"start":{"line":13,"column":22},"end":{"line":13,"column":29}},"loc":{"start":{"line":13,"column":77},"end":{"line":21,"column":null}}},"1":{"name":"(anonymous_10)","decl":{"start":{"line":17,"column":43},"end":{"line":17,"column":44}},"loc":{"start":{"line":17,"column":53},"end":{"line":17,"column":78}}},"2":{"name":"findOne","decl":{"start":{"line":30,"column":22},"end":{"line":30,"column":29}},"loc":{"start":{"line":30,"column":77},"end":{"line":41,"column":null}}},"3":{"name":"create","decl":{"start":{"line":50,"column":22},"end":{"line":50,"column":28}},"loc":{"start":{"line":50,"column":76},"end":{"line":57,"column":null}}},"4":{"name":"update","decl":{"start":{"line":66,"column":22},"end":{"line":66,"column":28}},"loc":{"start":{"line":66,"column":76},"end":{"line":76,"column":null}}},"5":{"name":"remove","decl":{"start":{"line":85,"column":22},"end":{"line":85,"column":28}},"loc":{"start":{"line":85,"column":76},"end":{"line":93,"column":null}}}},"branchMap":{"0":{"loc":{"start":{"line":33,"column":4},"end":{"line":36,"column":null}},"type":"if","locations":[{"start":{"line":33,"column":4},"end":{"line":36,"column":null}},{"start":{},"end":{}}]}},"s":{"0":2,"1":2,"2":0,"3":0,"4":0,"5":0,"6":0,"7":2,"8":2,"9":2,"10":2,"11":1,"12":1,"13":1,"14":0,"15":2,"16":5,"17":5,"18":4,"19":1,"20":2,"21":0,"22":0,"23":0,"24":0,"25":0,"26":0,"27":2,"28":0,"29":0,"30":0,"31":0,"32":2},"f":{"0":0,"1":0,"2":2,"3":5,"4":0,"5":0},"b":{"0":[1,1]}}
,"C:\\palmira\\OBS SCHOOL\\OCTAVO MODULO TESTING Y SEGURIDAD\\Proyecto-Testing-Y-Seguridad\\api\\src\\components\\Projects\\model.ts": {"path":"C:\\palmira\\OBS SCHOOL\\OCTAVO MODULO TESTING Y SEGURIDAD\\Proyecto-Testing-Y-Seguridad\\api\\src\\components\\Projects\\model.ts","statementMap":{"0":{"start":{"line":1,"column":0},"end":{"line":1,"column":61}},"1":{"start":{"line":34,"column":23},"end":{"line":47,"column":null}},"2":{"start":{"line":50,"column":0},"end":{"line":50,"column":79}}},"fnMap":{},"branchMap":{},"s":{"0":2,"1":2,"2":2},"f":{},"b":{}}
,"C:\\palmira\\OBS SCHOOL\\OCTAVO MODULO TESTING Y SEGURIDAD\\Proyecto-Testing-Y-Seguridad\\api\\src\\components\\Projects\\service.ts": {"path":"C:\\palmira\\OBS SCHOOL\\OCTAVO MODULO TESTING Y SEGURIDAD\\Proyecto-Testing-Y-Seguridad\\api\\src\\components\\Projects\\service.ts","statementMap":{"0":{"start":{"line":2,"column":0},"end":{"line":2,"column":30}},"1":{"start":{"line":3,"column":0},"end":{"line":3,"column":55}},"2":{"start":{"line":4,"column":0},"end":{"line":4,"column":46}},"3":{"start":{"line":6,"column":0},"end":{"line":6,"column":33}},"4":{"start":{"line":12,"column":42},"end":{"line":104,"column":2}},"5":{"start":{"line":18,"column":4},"end":{"line":22,"column":null}},"6":{"start":{"line":19,"column":6},"end":{"line":19,"column":41}},"7":{"start":{"line":21,"column":6},"end":{"line":21,"column":37}},"8":{"start":{"line":31,"column":4},"end":{"line":52,"column":null}},"9":{"start":{"line":34,"column":11},"end":{"line":36,"column":8}},"10":{"start":{"line":38,"column":6},"end":{"line":40,"column":null}},"11":{"start":{"line":39,"column":8},"end":{"line":39,"column":48}},"12":{"start":{"line":42,"column":6},"end":{"line":49,"column":8}},"13":{"start":{"line":51,"column":6},"end":{"line":51,"column":37}},"14":{"start":{"line":61,"column":4},"end":{"line":75,"column":null}},"15":{"start":{"line":62,"column":61},"end":{"line":62,"column":99}},"16":{"start":{"line":63,"column":6},"end":{"line":66,"column":null}},"17":{"start":{"line":65,"column":8},"end":{"line":65,"column":74}},"18":{"start":{"line":68,"column":6},"end":{"line":70,"column":null}},"19":{"start":{"line":69,"column":8},"end":{"line":69,"column":59}},"20":{"start":{"line":71,"column":38},"end":{"line":71,"column":69}},"21":{"start":{"line":72,"column":6},"end":{"line":72,"column":21}},"22":{"start":{"line":74,"column":6},"end":{"line":74,"column":37}},"23":{"start":{"line":84,"column":4},"end":{"line":102,"column":null}},"24":{"start":{"line":87,"column":11},"end":{"line":89,"column":8}},"25":{"start":{"line":91,"column":6},"end":{"line":93,"column":null}},"26":{"start":{"line":92,"column":8},"end":{"line":92,"column":48}},"27":{"start":{"line":95,"column":38},"end":{"line":97,"column":8}},"28":{"start":{"line":99,"column":6},"end":{"line":99,"column":21}},"29":{"start":{"line":101,"column":6},"end":{"line":101,"column":37}},"30":{"start":{"line":106,"column":0},"end":{"line":106,"column":31}}},"fnMap":{"0":{"name":"(anonymous_8)","decl":{"start":{"line":17,"column":8},"end":{"line":17,"column":15}},"loc":{"start":{"line":17,"column":15},"end":{"line":23,"column":null}}},"1":{"name":"(anonymous_10)","decl":{"start":{"line":30,"column":8},"end":{"line":30,"column":15}},"loc":{"start":{"line":30,"column":26},"end":{"line":53,"column":null}}},"2":{"name":"(anonymous_12)","decl":{"start":{"line":60,"column":8},"end":{"line":60,"column":14}},"loc":{"start":{"line":60,"column":35},"end":{"line":76,"column":null}}},"3":{"name":"(anonymous_14)","decl":{"start":{"line":83,"column":8},"end":{"line":83,"column":14}},"loc":{"start":{"line":83,"column":25},"end":{"line":103,"column":null}}}},"branchMap":{"0":{"loc":{"start":{"line":38,"column":6},"end":{"line":40,"column":null}},"type":"if","locations":[{"start":{"line":38,"column":6},"end":{"line":40,"column":null}},{"start":{},"end":{}}]},"1":{"loc":{"start":{"line":63,"column":6},"end":{"line":66,"column":null}},"type":"if","locations":[{"start":{"line":63,"column":6},"end":{"line":66,"column":null}},{"start":{},"end":{}}]},"2":{"loc":{"start":{"line":68,"column":6},"end":{"line":70,"column":null}},"type":"if","locations":[{"start":{"line":68,"column":6},"end":{"line":70,"column":null}},{"start":{},"end":{}}]},"3":{"loc":{"start":{"line":91,"column":6},"end":{"line":93,"column":null}},"type":"if","locations":[{"start":{"line":91,"column":6},"end":{"line":93,"column":null}},{"start":{},"end":{}}]}},"s":{"0":2,"1":2,"2":2,"3":2,"4":2,"5":0,"6":0,"7":0,"8":2,"9":2,"10":2,"11":0,"12":2,"13":0,"14":5,"15":5,"16":5,"17":1,"18":4,"19":4,"20":4,"21":4,"22":1,"23":0,"24":0,"25":0,"26":0,"27":0,"28":0,"29":0,"30":2},"f":{"0":0,"1":2,"2":5,"3":0},"b":{"0":[0,2],"1":[1,4],"2":[4,0],"3":[0,0]}}
,"C:\\palmira\\OBS SCHOOL\\OCTAVO MODULO TESTING Y SEGURIDAD\\Proyecto-Testing-Y-Seguridad\\api\\src\\components\\Projects\\validation.ts": {"path":"C:\\palmira\\OBS SCHOOL\\OCTAVO MODULO TESTING Y SEGURIDAD\\Proyecto-Testing-Y-Seguridad\\api\\src\\components\\Projects\\validation.ts","statementMap":{"0":{"start":{"line":1,"column":0},"end":{"line":1,"column":22}},"1":{"start":{"line":2,"column":0},"end":{"line":2,"column":39}},"2":{"start":{"line":17,"column":37},"end":{"line":25,"column":6}},"3":{"start":{"line":27,"column":4},"end":{"line":27,"column":35}},"4":{"start":{"line":38,"column":37},"end":{"line":40,"column":6}},"5":{"start":{"line":41,"column":4},"end":{"line":41,"column":33}},"6":{"start":{"line":52,"column":37},"end":{"line":54,"column":6}},"7":{"start":{"line":56,"column":4},"end":{"line":56,"column":33}},"8":{"start":{"line":60,"column":0},"end":{"line":60,"column":40}}},"fnMap":{"0":{"name":"(anonymous_1)","decl":{"start":{"line":16,"column":2},"end":{"line":16,"column":15}},"loc":{"start":{"line":16,"column":38},"end":{"line":28,"column":3}}},"1":{"name":"(anonymous_2)","decl":{"start":{"line":35,"column":2},"end":{"line":35,"column":12}},"loc":{"start":{"line":35,"column":33},"end":{"line":42,"column":3}}},"2":{"name":"(anonymous_3)","decl":{"start":{"line":49,"column":2},"end":{"line":49,"column":15}},"loc":{"start":{"line":49,"column":36},"end":{"line":57,"column":3}}}},"branchMap":{},"s":{"0":2,"1":2,"2":5,"3":5,"4":2,"5":2,"6":0,"7":0,"8":2},"f":{"0":5,"1":2,"2":0},"b":{}}
,"C:\\palmira\\OBS SCHOOL\\OCTAVO MODULO TESTING Y SEGURIDAD\\Proyecto-Testing-Y-Seguridad\\api\\src\\components\\User\\index.ts": {"path":"C:\\palmira\\OBS SCHOOL\\OCTAVO MODULO TESTING Y SEGURIDAD\\Proyecto-Testing-Y-Seguridad\\api\\src\\components\\User\\index.ts","statementMap":{"0":{"start":{"line":1,"column":0},"end":{"line":1,"column":36}},"1":{"start":{"line":13,"column":30},"end":{"line":13,"column":57}},"2":{"start":{"line":14,"column":2},"end":{"line":14,"column":30}},"3":{"start":{"line":12,"column":0},"end":{"line":12,"column":22}},"4":{"start":{"line":25,"column":2},"end":{"line":41,"column":null}},"5":{"start":{"line":26,"column":29},"end":{"line":26,"column":69}},"6":{"start":{"line":27,"column":4},"end":{"line":27,"column":31}},"7":{"start":{"line":29,"column":4},"end":{"line":40,"column":null}},"8":{"start":{"line":30,"column":16},"end":{"line":30,"column":37}},"9":{"start":{"line":31,"column":6},"end":{"line":33,"column":null}},"10":{"start":{"line":32,"column":8},"end":{"line":32,"column":28}},"11":{"start":{"line":34,"column":6},"end":{"line":37,"column":9}},"12":{"start":{"line":39,"column":6},"end":{"line":39,"column":18}},"13":{"start":{"line":24,"column":0},"end":{"line":24,"column":22}},"14":{"start":{"line":52,"column":2},"end":{"line":68,"column":null}},"15":{"start":{"line":53,"column":29},"end":{"line":53,"column":63}},"16":{"start":{"line":54,"column":4},"end":{"line":54,"column":31}},"17":{"start":{"line":56,"column":4},"end":{"line":67,"column":null}},"18":{"start":{"line":57,"column":16},"end":{"line":57,"column":37}},"19":{"start":{"line":58,"column":6},"end":{"line":60,"column":null}},"20":{"start":{"line":59,"column":8},"end":{"line":59,"column":28}},"21":{"start":{"line":61,"column":6},"end":{"line":64,"column":9}},"22":{"start":{"line":66,"column":6},"end":{"line":66,"column":18}},"23":{"start":{"line":51,"column":0},"end":{"line":51,"column":22}},"24":{"start":{"line":79,"column":2},"end":{"line":95,"column":null}},"25":{"start":{"line":80,"column":29},"end":{"line":80,"column":68}},"26":{"start":{"line":81,"column":4},"end":{"line":81,"column":31}},"27":{"start":{"line":83,"column":4},"end":{"line":94,"column":null}},"28":{"start":{"line":84,"column":16},"end":{"line":84,"column":37}},"29":{"start":{"line":85,"column":6},"end":{"line":87,"column":null}},"30":{"start":{"line":86,"column":8},"end":{"line":86,"column":28}},"31":{"start":{"line":88,"column":6},"end":{"line":91,"column":9}},"32":{"start":{"line":93,"column":6},"end":{"line":93,"column":18}},"33":{"start":{"line":78,"column":0},"end":{"line":78,"column":22}}},"fnMap":{"0":{"name":"findAll","decl":{"start":{"line":12,"column":22},"end":{"line":12,"column":29}},"loc":{"start":{"line":12,"column":77},"end":{"line":15,"column":null}}},"1":{"name":"findOne","decl":{"start":{"line":24,"column":22},"end":{"line":24,"column":29}},"loc":{"start":{"line":24,"column":77},"end":{"line":42,"column":null}}},"2":{"name":"create","decl":{"start":{"line":51,"column":22},"end":{"line":51,"column":28}},"loc":{"start":{"line":51,"column":76},"end":{"line":69,"column":null}}},"3":{"name":"remove","decl":{"start":{"line":78,"column":22},"end":{"line":78,"column":28}},"loc":{"start":{"line":78,"column":76},"end":{"line":96,"column":null}}}},"branchMap":{"0":{"loc":{"start":{"line":29,"column":4},"end":{"line":40,"column":null}},"type":"if","locations":[{"start":{"line":29,"column":4},"end":{"line":40,"column":null}},{"start":{"line":38,"column":11},"end":{"line":40,"column":null}}]},"1":{"loc":{"start":{"line":31,"column":6},"end":{"line":33,"column":null}},"type":"if","locations":[{"start":{"line":31,"column":6},"end":{"line":33,"column":null}},{"start":{},"end":{}}]},"2":{"loc":{"start":{"line":31,"column":10},"end":{"line":31,"column":120}},"type":"binary-expr","locations":[{"start":{"line":31,"column":10},"end":{"line":31,"column":15}},{"start":{"line":31,"column":19},"end":{"line":31,"column":44}},{"start":{"line":31,"column":48},"end":{"line":31,"column":66}},{"start":{"line":31,"column":70},"end":{"line":31,"column":103}},{"start":{"line":31,"column":107},"end":{"line":31,"column":120}}]},"3":{"loc":{"start":{"line":56,"column":4},"end":{"line":67,"column":null}},"type":"if","locations":[{"start":{"line":56,"column":4},"end":{"line":67,"column":null}},{"start":{"line":65,"column":11},"end":{"line":67,"column":null}}]},"4":{"loc":{"start":{"line":58,"column":6},"end":{"line":60,"column":null}},"type":"if","locations":[{"start":{"line":58,"column":6},"end":{"line":60,"column":null}},{"start":{},"end":{}}]},"5":{"loc":{"start":{"line":58,"column":10},"end":{"line":58,"column":120}},"type":"binary-expr","locations":[{"start":{"line":58,"column":10},"end":{"line":58,"column":15}},{"start":{"line":58,"column":19},"end":{"line":58,"column":44}},{"start":{"line":58,"column":48},"end":{"line":58,"column":66}},{"start":{"line":58,"column":70},"end":{"line":58,"column":103}},{"start":{"line":58,"column":107},"end":{"line":58,"column":120}}]},"6":{"loc":{"start":{"line":83,"column":4},"end":{"line":94,"column":null}},"type":"if","locations":[{"start":{"line":83,"column":4},"end":{"line":94,"column":null}},{"start":{"line":92,"column":11},"end":{"line":94,"column":null}}]},"7":{"loc":{"start":{"line":85,"column":6},"end":{"line":87,"column":null}},"type":"if","locations":[{"start":{"line":85,"column":6},"end":{"line":87,"column":null}},{"start":{},"end":{}}]},"8":{"loc":{"start":{"line":85,"column":10},"end":{"line":85,"column":120}},"type":"binary-expr","locations":[{"start":{"line":85,"column":10},"end":{"line":85,"column":15}},{"start":{"line":85,"column":19},"end":{"line":85,"column":44}},{"start":{"line":85,"column":48},"end":{"line":85,"column":66}},{"start":{"line":85,"column":70},"end":{"line":85,"column":103}},{"start":{"line":85,"column":107},"end":{"line":85,"column":120}}]}},"s":{"0":2,"1":0,"2":0,"3":2,"4":0,"5":0,"6":0,"7":0,"8":0,"9":0,"10":0,"11":0,"12":0,"13":2,"14":0,"15":0,"16":0,"17":0,"18":0,"19":0,"20":0,"21":0,"22":0,"23":2,"24":0,"25":0,"26":0,"27":0,"28":0,"29":0,"30":0,"31":0,"32":0,"33":2},"f":{"0":0,"1":0,"2":0,"3":0},"b":{"0":[0,0],"1":[0,0],"2":[0,0,0,0,0],"3":[0,0],"4":[0,0],"5":[0,0,0,0,0],"6":[0,0],"7":[0,0],"8":[0,0,0,0,0]}}
,"C:\\palmira\\OBS SCHOOL\\OCTAVO MODULO TESTING Y SEGURIDAD\\Proyecto-Testing-Y-Seguridad\\api\\src\\components\\User\\model.ts": {"path":"C:\\palmira\\OBS SCHOOL\\OCTAVO MODULO TESTING Y SEGURIDAD\\Proyecto-Testing-Y-Seguridad\\api\\src\\components\\User\\model.ts","statementMap":{"0":{"start":{"line":1,"column":0},"end":{"line":1,"column":33}},"1":{"start":{"line":2,"column":0},"end":{"line":2,"column":66}},"2":{"start":{"line":3,"column":0},"end":{"line":3,"column":44}},"3":{"start":{"line":36,"column":19},"end":{"line":67,"column":2}},"4":{"start":{"line":53,"column":2},"end":{"line":55,"column":null}},"5":{"start":{"line":54,"column":4},"end":{"line":54,"column":18}},"6":{"start":{"line":57,"column":2},"end":{"line":66,"column":null}},"7":{"start":{"line":58,"column":25},"end":{"line":58,"column":49}},"8":{"start":{"line":60,"column":25},"end":{"line":60,"column":63}},"9":{"start":{"line":62,"column":4},"end":{"line":62,"column":25}},"10":{"start":{"line":63,"column":4},"end":{"line":63,"column":11}},"11":{"start":{"line":65,"column":4},"end":{"line":65,"column":23}},"12":{"start":{"line":72,"column":0},"end":{"line":80,"column":2}},"13":{"start":{"line":73,"column":2},"end":{"line":79,"column":null}},"14":{"start":{"line":74,"column":27},"end":{"line":74,"column":81}},"15":{"start":{"line":76,"column":4},"end":{"line":76,"column":17}},"16":{"start":{"line":78,"column":4},"end":{"line":78,"column":17}},"17":{"start":{"line":82,"column":0},"end":{"line":82,"column":73}}},"fnMap":{"0":{"name":"(anonymous_13)","decl":{"start":{"line":52,"column":14},"end":{"line":52,"column":30}},"loc":{"start":{"line":52,"column":48},"end":{"line":67,"column":2}}},"1":{"name":"(anonymous_15)","decl":{"start":{"line":72,"column":37},"end":{"line":72,"column":53}},"loc":{"start":{"line":72,"column":78},"end":{"line":80,"column":2}}}},"branchMap":{"0":{"loc":{"start":{"line":53,"column":2},"end":{"line":55,"column":null}},"type":"if","locations":[{"start":{"line":53,"column":2},"end":{"line":55,"column":null}},{"start":{},"end":{}}]}},"s":{"0":2,"1":2,"2":2,"3":2,"4":0,"5":0,"6":0,"7":0,"8":0,"9":0,"10":0,"11":0,"12":2,"13":0,"14":0,"15":0,"16":0,"17":2},"f":{"0":0,"1":0},"b":{"0":[0,0]}}
,"C:\\palmira\\OBS SCHOOL\\OCTAVO MODULO TESTING Y SEGURIDAD\\Proyecto-Testing-Y-Seguridad\\api\\src\\components\\User\\service.ts": {"path":"C:\\palmira\\OBS SCHOOL\\OCTAVO MODULO TESTING Y SEGURIDAD\\Proyecto-Testing-Y-Seguridad\\api\\src\\components\\User\\service.ts","statementMap":{"0":{"start":{"line":2,"column":0},"end":{"line":2,"column":48}},"1":{"start":{"line":3,"column":0},"end":{"line":3,"column":42}},"2":{"start":{"line":5,"column":0},"end":{"line":5,"column":33}},"3":{"start":{"line":6,"column":0},"end":{"line":6,"column":43}},"4":{"start":{"line":12,"column":34},"end":{"line":102,"column":2}},"5":{"start":{"line":18,"column":4},"end":{"line":22,"column":null}},"6":{"start":{"line":19,"column":6},"end":{"line":19,"column":38}},"7":{"start":{"line":21,"column":6},"end":{"line":21,"column":37}},"8":{"start":{"line":31,"column":4},"end":{"line":52,"column":null}},"9":{"start":{"line":34,"column":11},"end":{"line":36,"column":8}},"10":{"start":{"line":38,"column":6},"end":{"line":40,"column":null}},"11":{"start":{"line":39,"column":8},"end":{"line":39,"column":48}},"12":{"start":{"line":42,"column":6},"end":{"line":49,"column":8}},"13":{"start":{"line":51,"column":6},"end":{"line":51,"column":37}},"14":{"start":{"line":61,"column":4},"end":{"line":73,"column":null}},"15":{"start":{"line":62,"column":57},"end":{"line":62,"column":88}},"16":{"start":{"line":63,"column":6},"end":{"line":65,"column":null}},"17":{"start":{"line":64,"column":8},"end":{"line":64,"column":83}},"18":{"start":{"line":66,"column":31},"end":{"line":66,"column":59}},"19":{"start":{"line":67,"column":6},"end":{"line":67,"column":18}},"20":{"start":{"line":69,"column":6},"end":{"line":71,"column":null}},"21":{"start":{"line":70,"column":8},"end":{"line":70,"column":20}},"22":{"start":{"line":72,"column":6},"end":{"line":72,"column":72}},"23":{"start":{"line":82,"column":4},"end":{"line":100,"column":null}},"24":{"start":{"line":85,"column":11},"end":{"line":87,"column":8}},"25":{"start":{"line":89,"column":6},"end":{"line":91,"column":null}},"26":{"start":{"line":90,"column":8},"end":{"line":90,"column":48}},"27":{"start":{"line":93,"column":31},"end":{"line":95,"column":8}},"28":{"start":{"line":97,"column":6},"end":{"line":97,"column":18}},"29":{"start":{"line":99,"column":6},"end":{"line":99,"column":37}},"30":{"start":{"line":104,"column":0},"end":{"line":104,"column":27}}},"fnMap":{"0":{"name":"(anonymous_8)","decl":{"start":{"line":17,"column":8},"end":{"line":17,"column":15}},"loc":{"start":{"line":17,"column":15},"end":{"line":23,"column":null}}},"1":{"name":"(anonymous_10)","decl":{"start":{"line":30,"column":8},"end":{"line":30,"column":15}},"loc":{"start":{"line":30,"column":26},"end":{"line":53,"column":null}}},"2":{"name":"(anonymous_12)","decl":{"start":{"line":60,"column":8},"end":{"line":60,"column":14}},"loc":{"start":{"line":60,"column":31},"end":{"line":74,"column":null}}},"3":{"name":"(anonymous_14)","decl":{"start":{"line":81,"column":8},"end":{"line":81,"column":14}},"loc":{"start":{"line":81,"column":25},"end":{"line":101,"column":null}}}},"branchMap":{"0":{"loc":{"start":{"line":38,"column":6},"end":{"line":40,"column":null}},"type":"if","locations":[{"start":{"line":38,"column":6},"end":{"line":40,"column":null}},{"start":{},"end":{}}]},"1":{"loc":{"start":{"line":63,"column":6},"end":{"line":65,"column":null}},"type":"if","locations":[{"start":{"line":63,"column":6},"end":{"line":65,"column":null}},{"start":{},"end":{}}]},"2":{"loc":{"start":{"line":69,"column":6},"end":{"line":71,"column":null}},"type":"if","locations":[{"start":{"line":69,"column":6},"end":{"line":71,"column":null}},{"start":{},"end":{}}]},"3":{"loc":{"start":{"line":72,"column":31},"end":{"line":72,"column":70}},"type":"binary-expr","locations":[{"start":{"line":72,"column":31},"end":{"line":72,"column":45}},{"start":{"line":72,"column":49},"end":{"line":72,"column":70}}]},"4":{"loc":{"start":{"line":72,"column":31},"end":{"line":72,"column":45}},"type":"cond-expr","locations":[{"start":{"line":72,"column":36},"end":{"line":72,"column":38}},{"start":{"line":72,"column":31},"end":{"line":72,"column":45}}]},"5":{"loc":{"start":{"line":72,"column":31},"end":{"line":72,"column":38}},"type":"binary-expr","locations":[{"start":{"line":72,"column":31},"end":{"line":72,"column":38}},{"start":{"line":72,"column":31},"end":{"line":72,"column":38}}]},"6":{"loc":{"start":{"line":89,"column":6},"end":{"line":91,"column":null}},"type":"if","locations":[{"start":{"line":89,"column":6},"end":{"line":91,"column":null}},{"start":{},"end":{}}]}},"s":{"0":2,"1":2,"2":2,"3":2,"4":2,"5":0,"6":0,"7":0,"8":0,"9":0,"10":0,"11":0,"12":0,"13":0,"14":0,"15":0,"16":0,"17":0,"18":0,"19":0,"20":0,"21":0,"22":0,"23":0,"24":0,"25":0,"26":0,"27":0,"28":0,"29":0,"30":2},"f":{"0":0,"1":0,"2":0,"3":0},"b":{"0":[0,0],"1":[0,0],"2":[0,0],"3":[0,0],"4":[0,0],"5":[0,0],"6":[0,0]}}
,"C:\\palmira\\OBS SCHOOL\\OCTAVO MODULO TESTING Y SEGURIDAD\\Proyecto-Testing-Y-Seguridad\\api\\src\\components\\User\\validation.ts": {"path":"C:\\palmira\\OBS SCHOOL\\OCTAVO MODULO TESTING Y SEGURIDAD\\Proyecto-Testing-Y-Seguridad\\api\\src\\components\\User\\validation.ts","statementMap":{"0":{"start":{"line":1,"column":0},"end":{"line":1,"column":22}},"1":{"start":{"line":2,"column":0},"end":{"line":2,"column":39}},"2":{"start":{"line":17,"column":37},"end":{"line":24,"column":6}},"3":{"start":{"line":26,"column":4},"end":{"line":26,"column":35}},"4":{"start":{"line":37,"column":37},"end":{"line":39,"column":6}},"5":{"start":{"line":41,"column":4},"end":{"line":41,"column":33}},"6":{"start":{"line":52,"column":37},"end":{"line":54,"column":6}},"7":{"start":{"line":56,"column":4},"end":{"line":56,"column":33}},"8":{"start":{"line":60,"column":0},"end":{"line":60,"column":36}}},"fnMap":{"0":{"name":"(anonymous_1)","decl":{"start":{"line":16,"column":2},"end":{"line":16,"column":12}},"loc":{"start":{"line":16,"column":31},"end":{"line":27,"column":3}}},"1":{"name":"(anonymous_2)","decl":{"start":{"line":34,"column":2},"end":{"line":34,"column":9}},"loc":{"start":{"line":34,"column":30},"end":{"line":42,"column":3}}},"2":{"name":"(anonymous_3)","decl":{"start":{"line":49,"column":2},"end":{"line":49,"column":12}},"loc":{"start":{"line":49,"column":33},"end":{"line":57,"column":3}}}},"branchMap":{},"s":{"0":2,"1":2,"2":0,"3":0,"4":0,"5":0,"6":0,"7":0,"8":2},"f":{"0":0,"1":0,"2":0},"b":{}}
,"C:\\palmira\\OBS SCHOOL\\OCTAVO MODULO TESTING Y SEGURIDAD\\Proyecto-Testing-Y-Seguridad\\api\\src\\config\\connection\\connection.ts": {"path":"C:\\palmira\\OBS SCHOOL\\OCTAVO MODULO TESTING Y SEGURIDAD\\Proyecto-Testing-Y-Seguridad\\api\\src\\config\\connection\\connection.ts","statementMap":{"0":{"start":{"line":1,"column":0},"end":{"line":1,"column":32}},"1":{"start":{"line":2,"column":0},"end":{"line":2,"column":28}},"2":{"start":{"line":3,"column":0},"end":{"line":3,"column":40}},"3":{"start":{"line":12,"column":40},"end":{"line":16,"column":2}},"4":{"start":{"line":18,"column":18},"end":{"line":18,"column":84}},"5":{"start":{"line":20,"column":0},"end":{"line":20,"column":40}},"6":{"start":{"line":22,"column":13},"end":{"line":22,"column":92}},"7":{"start":{"line":25,"column":0},"end":{"line":27,"column":3}},"8":{"start":{"line":26,"column":2},"end":{"line":26,"column":38}},"9":{"start":{"line":29,"column":0},"end":{"line":32,"column":3}},"10":{"start":{"line":30,"column":2},"end":{"line":30,"column":48}},"11":{"start":{"line":31,"column":2},"end":{"line":31,"column":24}},"12":{"start":{"line":34,"column":0},"end":{"line":36,"column":3}},"13":{"start":{"line":35,"column":2},"end":{"line":35,"column":37}},"14":{"start":{"line":38,"column":0},"end":{"line":40,"column":3}},"15":{"start":{"line":39,"column":2},"end":{"line":39,"column":45}},"16":{"start":{"line":42,"column":0},"end":{"line":44,"column":3}},"17":{"start":{"line":43,"column":2},"end":{"line":43,"column":39}},"18":{"start":{"line":46,"column":0},"end":{"line":48,"column":3}},"19":{"start":{"line":47,"column":2},"end":{"line":47,"column":44}},"20":{"start":{"line":50,"column":0},"end":{"line":52,"column":3}},"21":{"start":{"line":51,"column":2},"end":{"line":51,"column":40}},"22":{"start":{"line":54,"column":0},"end":{"line":56,"column":3}},"23":{"start":{"line":55,"column":2},"end":{"line":55,"column":47}}},"fnMap":{"0":{"name":"(anonymous_1)","decl":{"start":{"line":25,"column":20},"end":{"line":25,"column":23}},"loc":{"start":{"line":25,"column":25},"end":{"line":27,"column":1}}},"1":{"name":"(anonymous_2)","decl":{"start":{"line":29,"column":15},"end":{"line":29,"column":16}},"loc":{"start":{"line":29,"column":30},"end":{"line":32,"column":1}}},"2":{"name":"(anonymous_3)","decl":{"start":{"line":34,"column":19},"end":{"line":34,"column":22}},"loc":{"start":{"line":34,"column":24},"end":{"line":36,"column":1}}},"3":{"name":"(anonymous_4)","decl":{"start":{"line":38,"column":16},"end":{"line":38,"column":19}},"loc":{"start":{"line":38,"column":21},"end":{"line":40,"column":1}}},"4":{"name":"(anonymous_5)","decl":{"start":{"line":42,"column":21},"end":{"line":42,"column":24}},"loc":{"start":{"line":42,"column":26},"end":{"line":44,"column":1}}},"5":{"name":"(anonymous_6)","decl":{"start":{"line":46,"column":25},"end":{"line":46,"column":28}},"loc":{"start":{"line":46,"column":30},"end":{"line":48,"column":1}}},"6":{"name":"(anonymous_7)","decl":{"start":{"line":50,"column":22},"end":{"line":50,"column":25}},"loc":{"start":{"line":50,"column":27},"end":{"line":52,"column":1}}},"7":{"name":"(anonymous_8)","decl":{"start":{"line":54,"column":19},"end":{"line":54,"column":22}},"loc":{"start":{"line":54,"column":24},"end":{"line":56,"column":1}}}},"branchMap":{},"s":{"0":2,"1":2,"2":2,"3":2,"4":2,"5":2,"6":2,"7":2,"8":0,"9":2,"10":0,"11":0,"12":2,"13":2,"14":2,"15":2,"16":2,"17":0,"18":2,"19":0,"20":2,"21":2,"22":2,"23":0},"f":{"0":0,"1":0,"2":2,"3":2,"4":0,"5":0,"6":2,"7":0},"b":{}}
,"C:\\palmira\\OBS SCHOOL\\OCTAVO MODULO TESTING Y SEGURIDAD\\Proyecto-Testing-Y-Seguridad\\api\\src\\config\\env\\index.ts": {"path":"C:\\palmira\\OBS SCHOOL\\OCTAVO MODULO TESTING Y SEGURIDAD\\Proyecto-Testing-Y-Seguridad\\api\\src\\config\\env\\index.ts","statementMap":{"0":{"start":{"line":1,"column":0},"end":{"line":1,"column":33}},"1":{"start":{"line":3,"column":0},"end":{"line":3,"column":16}},"2":{"start":{"line":14,"column":25},"end":{"line":14,"column":62}},"3":{"start":{"line":16,"column":29},"end":{"line":23,"column":2}},"4":{"start":{"line":25,"column":28},"end":{"line":32,"column":2}},"5":{"start":{"line":34,"column":22},"end":{"line":41,"column":2}},"6":{"start":{"line":45,"column":4},"end":{"line":49,"column":2}},"7":{"start":{"line":51,"column":0},"end":{"line":51,"column":32}}},"fnMap":{},"branchMap":{"0":{"loc":{"start":{"line":14,"column":25},"end":{"line":14,"column":62}},"type":"binary-expr","locations":[{"start":{"line":14,"column":25},"end":{"line":14,"column":45}},{"start":{"line":14,"column":49},"end":{"line":14,"column":62}}]},"1":{"loc":{"start":{"line":17,"column":8},"end":{"line":17,"column":32}},"type":"binary-expr","locations":[{"start":{"line":17,"column":8},"end":{"line":17,"column":24}},{"start":{"line":17,"column":28},"end":{"line":17,"column":32}}]},"2":{"loc":{"start":{"line":19,"column":17},"end":{"line":19,"column":72}},"type":"binary-expr","locations":[{"start":{"line":19,"column":17},"end":{"line":19,"column":40}},{"start":{"line":19,"column":44},"end":{"line":19,"column":72}}]},"3":{"loc":{"start":{"line":20,"column":21},"end":{"line":20,"column":64}},"type":"binary-expr","locations":[{"start":{"line":20,"column":21},"end":{"line":20,"column":48}},{"start":{"line":20,"column":52},"end":{"line":20,"column":64}}]},"4":{"loc":{"start":{"line":22,"column":10},"end":{"line":22,"column":40}},"type":"binary-expr","locations":[{"start":{"line":22,"column":10},"end":{"line":22,"column":28}},{"start":{"line":22,"column":32},"end":{"line":22,"column":40}}]},"5":{"loc":{"start":{"line":26,"column":8},"end":{"line":26,"column":32}},"type":"binary-expr","locations":[{"start":{"line":26,"column":8},"end":{"line":26,"column":24}},{"start":{"line":26,"column":28},"end":{"line":26,"column":32}}]},"6":{"loc":{"start":{"line":28,"column":17},"end":{"line":28,"column":71}},"type":"binary-expr","locations":[{"start":{"line":28,"column":17},"end":{"line":28,"column":40}},{"start":{"line":28,"column":44},"end":{"line":28,"column":71}}]},"7":{"loc":{"start":{"line":29,"column":21},"end":{"line":29,"column":64}},"type":"binary-expr","locations":[{"start":{"line":29,"column":21},"end":{"line":29,"column":48}},{"start":{"line":29,"column":52},"end":{"line":29,"column":64}}]},"8":{"loc":{"start":{"line":31,"column":10},"end":{"line":31,"column":40}},"type":"binary-expr","locations":[{"start":{"line":31,"column":10},"end":{"line":31,"column":28}},{"start":{"line":31,"column":32},"end":{"line":31,"column":40}}]},"9":{"loc":{"start":{"line":35,"column":8},"end":{"line":35,"column":32}},"type":"binary-expr","locations":[{"start":{"line":35,"column":8},"end":{"line":35,"column":24}},{"start":{"line":35,"column":28},"end":{"line":35,"column":32}}]},"10":{"loc":{"start":{"line":37,"column":17},"end":{"line":37,"column":72}},"type":"binary-expr","locations":[{"start":{"line":37,"column":17},"end":{"line":37,"column":40}},{"start":{"line":37,"column":44},"end":{"line":37,"column":72}}]},"11":{"loc":{"start":{"line":38,"column":21},"end":{"line":38,"column":64}},"type":"binary-expr","locations":[{"start":{"line":38,"column":21},"end":{"line":38,"column":48}},{"start":{"line":38,"column":52},"end":{"line":38,"column":64}}]},"12":{"loc":{"start":{"line":40,"column":10},"end":{"line":40,"column":40}},"type":"binary-expr","locations":[{"start":{"line":40,"column":10},"end":{"line":40,"column":28}},{"start":{"line":40,"column":32},"end":{"line":40,"column":40}}]}},"s":{"0":2,"1":2,"2":2,"3":2,"4":2,"5":2,"6":2,"7":2},"f":{},"b":{"0":[2,0],"1":[2,0],"2":[2,0],"3":[2,0],"4":[2,0],"5":[2,0],"6":[2,0],"7":[2,0],"8":[2,0],"9":[2,0],"10":[2,0],"11":[2,0],"12":[2,0]}}
,"C:\\palmira\\OBS SCHOOL\\OCTAVO MODULO TESTING Y SEGURIDAD\\Proyecto-Testing-Y-Seguridad\\api\\src\\config\\error\\index.ts": {"path":"C:\\palmira\\OBS SCHOOL\\OCTAVO MODULO TESTING Y SEGURIDAD\\Proyecto-Testing-Y-Seguridad\\api\\src\\config\\error\\index.ts","statementMap":{"0":{"start":{"line":1,"column":0},"end":{"line":1,"column":29}},"1":{"start":{"line":22,"column":4},"end":{"line":22,"column":19}},"2":{"start":{"line":24,"column":4},"end":{"line":24,"column":52}},"3":{"start":{"line":26,"column":4},"end":{"line":26,"column":32}},"4":{"start":{"line":27,"column":4},"end":{"line":27,"column":26}},"5":{"start":{"line":28,"column":4},"end":{"line":28,"column":72}},"6":{"start":{"line":8,"column":0},"end":{"line":8,"column":13}},"7":{"start":{"line":32,"column":0},"end":{"line":32,"column":25}}},"fnMap":{"0":{"name":"(anonymous_6)","decl":{"start":{"line":21,"column":2},"end":{"line":21,"column":14}},"loc":{"start":{"line":21,"column":47},"end":{"line":29,"column":3}}}},"branchMap":{"0":{"loc":{"start":{"line":26,"column":18},"end":{"line":26,"column":31}},"type":"binary-expr","locations":[{"start":{"line":26,"column":18},"end":{"line":26,"column":24}},{"start":{"line":26,"column":28},"end":{"line":26,"column":31}}]},"1":{"loc":{"start":{"line":28,"column":19},"end":{"line":28,"column":71}},"type":"binary-expr","locations":[{"start":{"line":28,"column":19},"end":{"line":28,"column":26}},{"start":{"line":28,"column":30},"end":{"line":28,"column":60}},{"start":{"line":28,"column":64},"end":{"line":28,"column":71}}]}},"s":{"0":2,"1":3,"2":3,"3":3,"4":3,"5":3,"6":2,"7":2},"f":{"0":3},"b":{"0":[3,0],"1":[3,0,0]}}
,"C:\\palmira\\OBS SCHOOL\\OCTAVO MODULO TESTING Y SEGURIDAD\\Proyecto-Testing-Y-Seguridad\\api\\src\\config\\error\\sendHttpError.ts": {"path":"C:\\palmira\\OBS SCHOOL\\OCTAVO MODULO TESTING Y SEGURIDAD\\Proyecto-Testing-Y-Seguridad\\api\\src\\config\\error\\sendHttpError.ts","statementMap":{"0":{"start":{"line":5,"column":2},"end":{"line":11,"column":4}},"1":{"start":{"line":6,"column":4},"end":{"line":10,"column":7}},"2":{"start":{"line":13,"column":2},"end":{"line":13,"column":9}},"3":{"start":{"line":4,"column":0},"end":{"line":4,"column":16}}},"fnMap":{"0":{"name":"sendHttpErrorModule","decl":{"start":{"line":4,"column":16},"end":{"line":4,"column":35}},"loc":{"start":{"line":4,"column":78},"end":{"line":14,"column":1}}},"1":{"name":"(anonymous_1)","decl":{"start":{"line":5,"column":22},"end":{"line":5,"column":23}},"loc":{"start":{"line":5,"column":49},"end":{"line":11,"column":3}}}},"branchMap":{},"s":{"0":10,"1":0,"2":10,"3":2},"f":{"0":10,"1":0},"b":{}}
,"C:\\palmira\\OBS SCHOOL\\OCTAVO MODULO TESTING Y SEGURIDAD\\Proyecto-Testing-Y-Seguridad\\api\\src\\config\\middleware\\jwtAuth.ts": {"path":"C:\\palmira\\OBS SCHOOL\\OCTAVO MODULO TESTING Y SEGURIDAD\\Proyecto-Testing-Y-Seguridad\\api\\src\\config\\middleware\\jwtAuth.ts","statementMap":{"0":{"start":{"line":1,"column":0},"end":{"line":1,"column":48}},"1":{"start":{"line":2,"column":0},"end":{"line":2,"column":36}},"2":{"start":{"line":4,"column":0},"end":{"line":4,"column":35}},"3":{"start":{"line":5,"column":0},"end":{"line":5,"column":33}},"4":{"start":{"line":6,"column":0},"end":{"line":6,"column":29}},"5":{"start":{"line":28,"column":21},"end":{"line":28,"column":46}},"6":{"start":{"line":30,"column":2},"end":{"line":42,"column":null}},"7":{"start":{"line":31,"column":4},"end":{"line":41,"column":null}},"8":{"start":{"line":32,"column":36},"end":{"line":32,"column":92}},"9":{"start":{"line":34,"column":6},"end":{"line":34,"column":22}},"10":{"start":{"line":36,"column":6},"end":{"line":36,"column":20}},"11":{"start":{"line":38,"column":6},"end":{"line":40,"column":8}},"12":{"start":{"line":44,"column":2},"end":{"line":44,"column":74}},"13":{"start":{"line":26,"column":0},"end":{"line":26,"column":16}}},"fnMap":{"0":{"name":"isAuthenticated","decl":{"start":{"line":26,"column":16},"end":{"line":26,"column":31}},"loc":{"start":{"line":26,"column":87},"end":{"line":45,"column":1}}}},"branchMap":{"0":{"loc":{"start":{"line":30,"column":2},"end":{"line":42,"column":null}},"type":"if","locations":[{"start":{"line":30,"column":2},"end":{"line":42,"column":null}},{"start":{},"end":{}}]},"1":{"loc":{"start":{"line":30,"column":6},"end":{"line":30,"column":46}},"type":"binary-expr","locations":[{"start":{"line":30,"column":6},"end":{"line":30,"column":11}},{"start":{"line":30,"column":15},"end":{"line":30,"column":46}}]}},"s":{"0":2,"1":2,"2":2,"3":2,"4":2,"5":8,"6":8,"7":5,"8":5,"9":5,"10":5,"11":0,"12":3,"13":2},"f":{"0":8},"b":{"0":[5,3],"1":[8,5]}}
,"C:\\palmira\\OBS SCHOOL\\OCTAVO MODULO TESTING Y SEGURIDAD\\Proyecto-Testing-Y-Seguridad\\api\\src\\config\\middleware\\middleware.ts": {"path":"C:\\palmira\\OBS SCHOOL\\OCTAVO MODULO TESTING Y SEGURIDAD\\Proyecto-Testing-Y-Seguridad\\api\\src\\config\\middleware\\middleware.ts","statementMap":{"0":{"start":{"line":1,"column":0},"end":{"line":1,"column":43}},"1":{"start":{"line":2,"column":0},"end":{"line":2,"column":37}},"2":{"start":{"line":3,"column":0},"end":{"line":3,"column":38}},"3":{"start":{"line":4,"column":0},"end":{"line":4,"column":41}},"4":{"start":{"line":5,"column":0},"end":{"line":5,"column":24}},"5":{"start":{"line":7,"column":0},"end":{"line":7,"column":28}},"6":{"start":{"line":8,"column":0},"end":{"line":8,"column":33}},"7":{"start":{"line":9,"column":0},"end":{"line":9,"column":61}},"8":{"start":{"line":10,"column":0},"end":{"line":10,"column":40}},"9":{"start":{"line":19,"column":2},"end":{"line":23,"column":4}},"10":{"start":{"line":24,"column":2},"end":{"line":24,"column":29}},"11":{"start":{"line":26,"column":2},"end":{"line":26,"column":26}},"12":{"start":{"line":28,"column":2},"end":{"line":28,"column":25}},"13":{"start":{"line":30,"column":2},"end":{"line":30,"column":20}},"14":{"start":{"line":32,"column":2},"end":{"line":37,"column":4}},"15":{"start":{"line":40,"column":2},"end":{"line":40,"column":31}},"16":{"start":{"line":17,"column":0},"end":{"line":17,"column":16}},"17":{"start":{"line":52,"column":2},"end":{"line":103,"column":5}},"18":{"start":{"line":53,"column":4},"end":{"line":55,"column":null}},"19":{"start":{"line":54,"column":6},"end":{"line":54,"column":35}},"20":{"start":{"line":57,"column":4},"end":{"line":100,"column":null}},"21":{"start":{"line":58,"column":6},"end":{"line":69,"column":null}},"22":{"start":{"line":59,"column":8},"end":{"line":59,"column":33}},"23":{"start":{"line":61,"column":23},"end":{"line":61,"column":105}},"24":{"start":{"line":62,"column":21},"end":{"line":62,"column":83}},"25":{"start":{"line":63,"column":24},"end":{"line":63,"column":108}},"26":{"start":{"line":64,"column":8},"end":{"line":68,"column":11}},"27":{"start":{"line":71,"column":6},"end":{"line":99,"column":null}},"28":{"start":{"line":72,"column":8},"end":{"line":72,"column":79}},"29":{"start":{"line":73,"column":8},"end":{"line":84,"column":null}},"30":{"start":{"line":74,"column":10},"end":{"line":74,"column":35}},"31":{"start":{"line":76,"column":25},"end":{"line":76,"column":107}},"32":{"start":{"line":77,"column":23},"end":{"line":77,"column":85}},"33":{"start":{"line":78,"column":26},"end":{"line":78,"column":110}},"34":{"start":{"line":79,"column":10},"end":{"line":83,"column":13}},"35":{"start":{"line":86,"column":8},"end":{"line":86,"column":64}},"36":{"start":{"line":87,"column":8},"end":{"line":98,"column":null}},"37":{"start":{"line":88,"column":10},"end":{"line":88,"column":50}},"38":{"start":{"line":90,"column":25},"end":{"line":90,"column":107}},"39":{"start":{"line":91,"column":23},"end":{"line":91,"column":85}},"40":{"start":{"line":92,"column":26},"end":{"line":92,"column":110}},"41":{"start":{"line":93,"column":10},"end":{"line":97,"column":13}},"42":{"start":{"line":102,"column":4},"end":{"line":102,"column":24}},"43":{"start":{"line":51,"column":0},"end":{"line":51,"column":16}}},"fnMap":{"0":{"name":"configure","decl":{"start":{"line":17,"column":16},"end":{"line":17,"column":25}},"loc":{"start":{"line":17,"column":50},"end":{"line":41,"column":1}}},"1":{"name":"initErrorHandler","decl":{"start":{"line":51,"column":16},"end":{"line":51,"column":32}},"loc":{"start":{"line":51,"column":57},"end":{"line":104,"column":1}}},"2":{"name":"(anonymous_3)","decl":{"start":{"line":52,"column":10},"end":{"line":52,"column":11}},"loc":{"start":{"line":52,"column":70},"end":{"line":103,"column":3}}}},"branchMap":{"0":{"loc":{"start":{"line":53,"column":4},"end":{"line":55,"column":null}},"type":"if","locations":[{"start":{"line":53,"column":4},"end":{"line":55,"column":null}},{"start":{},"end":{}}]},"1":{"loc":{"start":{"line":57,"column":4},"end":{"line":100,"column":null}},"type":"if","locations":[{"start":{"line":57,"column":4},"end":{"line":100,"column":null}},{"start":{"line":70,"column":11},"end":{"line":100,"column":null}}]},"2":{"loc":{"start":{"line":58,"column":6},"end":{"line":69,"column":null}},"type":"if","locations":[{"start":{"line":58,"column":6},"end":{"line":69,"column":null}},{"start":{"line":60,"column":13},"end":{"line":69,"column":null}}]},"3":{"loc":{"start":{"line":61,"column":23},"end":{"line":61,"column":105}},"type":"cond-expr","locations":[{"start":{"line":61,"column":79},"end":{"line":61,"column":99}},{"start":{"line":61,"column":102},"end":{"line":61,"column":105}}]},"4":{"loc":{"start":{"line":61,"column":24},"end":{"line":61,"column":74}},"type":"binary-expr","locations":[{"start":{"line":61,"column":24},"end":{"line":61,"column":29}},{"start":{"line":61,"column":33},"end":{"line":61,"column":74}}]},"5":{"loc":{"start":{"line":62,"column":21},"end":{"line":62,"column":83}},"type":"cond-expr","locations":[{"start":{"line":62,"column":55},"end":{"line":62,"column":73}},{"start":{"line":62,"column":76},"end":{"line":62,"column":83}}]},"6":{"loc":{"start":{"line":62,"column":22},"end":{"line":62,"column":50}},"type":"binary-expr","locations":[{"start":{"line":62,"column":22},"end":{"line":62,"column":27}},{"start":{"line":62,"column":32},"end":{"line":62,"column":50}}]},"7":{"loc":{"start":{"line":63,"column":24},"end":{"line":63,"column":108}},"type":"cond-expr","locations":[{"start":{"line":63,"column":61},"end":{"line":63,"column":82}},{"start":{"line":63,"column":85},"end":{"line":63,"column":108}}]},"8":{"loc":{"start":{"line":63,"column":25},"end":{"line":63,"column":56}},"type":"binary-expr","locations":[{"start":{"line":63,"column":25},"end":{"line":63,"column":30}},{"start":{"line":63,"column":35},"end":{"line":63,"column":56}}]},"9":{"loc":{"start":{"line":71,"column":6},"end":{"line":99,"column":null}},"type":"if","locations":[{"start":{"line":71,"column":6},"end":{"line":99,"column":null}},{"start":{"line":85,"column":13},"end":{"line":99,"column":null}}]},"10":{"loc":{"start":{"line":73,"column":8},"end":{"line":84,"column":null}},"type":"if","locations":[{"start":{"line":73,"column":8},"end":{"line":84,"column":null}},{"start":{"line":75,"column":15},"end":{"line":84,"column":null}}]},"11":{"loc":{"start":{"line":76,"column":25},"end":{"line":76,"column":107}},"type":"cond-expr","locations":[{"start":{"line":76,"column":81},"end":{"line":76,"column":101}},{"start":{"line":76,"column":104},"end":{"line":76,"column":107}}]},"12":{"loc":{"start":{"line":76,"column":26},"end":{"line":76,"column":76}},"type":"binary-expr","locations":[{"start":{"line":76,"column":26},"end":{"line":76,"column":31}},{"start":{"line":76,"column":35},"end":{"line":76,"column":76}}]},"13":{"loc":{"start":{"line":77,"column":23},"end":{"line":77,"column":85}},"type":"cond-expr","locations":[{"start":{"line":77,"column":57},"end":{"line":77,"column":75}},{"start":{"line":77,"column":78},"end":{"line":77,"column":85}}]},"14":{"loc":{"start":{"line":77,"column":24},"end":{"line":77,"column":52}},"type":"binary-expr","locations":[{"start":{"line":77,"column":24},"end":{"line":77,"column":29}},{"start":{"line":77,"column":34},"end":{"line":77,"column":52}}]},"15":{"loc":{"start":{"line":78,"column":26},"end":{"line":78,"column":110}},"type":"cond-expr","locations":[{"start":{"line":78,"column":63},"end":{"line":78,"column":84}},{"start":{"line":78,"column":87},"end":{"line":78,"column":110}}]},"16":{"loc":{"start":{"line":78,"column":27},"end":{"line":78,"column":58}},"type":"binary-expr","locations":[{"start":{"line":78,"column":27},"end":{"line":78,"column":32}},{"start":{"line":78,"column":37},"end":{"line":78,"column":58}}]},"17":{"loc":{"start":{"line":87,"column":8},"end":{"line":98,"column":null}},"type":"if","locations":[{"start":{"line":87,"column":8},"end":{"line":98,"column":null}},{"start":{"line":89,"column":15},"end":{"line":98,"column":null}}]},"18":{"loc":{"start":{"line":90,"column":25},"end":{"line":90,"column":107}},"type":"cond-expr","locations":[{"start":{"line":90,"column":81},"end":{"line":90,"column":101}},{"start":{"line":90,"column":104},"end":{"line":90,"column":107}}]},"19":{"loc":{"start":{"line":90,"column":26},"end":{"line":90,"column":76}},"type":"binary-expr","locations":[{"start":{"line":90,"column":26},"end":{"line":90,"column":31}},{"start":{"line":90,"column":35},"end":{"line":90,"column":76}}]},"20":{"loc":{"start":{"line":91,"column":23},"end":{"line":91,"column":85}},"type":"cond-expr","locations":[{"start":{"line":91,"column":57},"end":{"line":91,"column":75}},{"start":{"line":91,"column":78},"end":{"line":91,"column":85}}]},"21":{"loc":{"start":{"line":91,"column":24},"end":{"line":91,"column":52}},"type":"binary-expr","locations":[{"start":{"line":91,"column":24},"end":{"line":91,"column":29}},{"start":{"line":91,"column":34},"end":{"line":91,"column":52}}]},"22":{"loc":{"start":{"line":92,"column":26},"end":{"line":92,"column":110}},"type":"cond-expr","locations":[{"start":{"line":92,"column":63},"end":{"line":92,"column":84}},{"start":{"line":92,"column":87},"end":{"line":92,"column":110}}]},"23":{"loc":{"start":{"line":92,"column":27},"end":{"line":92,"column":58}},"type":"binary-expr","locations":[{"start":{"line":92,"column":27},"end":{"line":92,"column":32}},{"start":{"line":92,"column":37},"end":{"line":92,"column":58}}]}},"s":{"0":2,"1":2,"2":2,"3":2,"4":2,"5":2,"6":2,"7":2,"8":2,"9":2,"10":2,"11":2,"12":2,"13":2,"14":2,"15":2,"16":2,"17":2,"18":0,"19":0,"20":0,"21":0,"22":0,"23":0,"24":0,"25":0,"26":0,"27":0,"28":0,"29":0,"30":0,"31":0,"32":0,"33":0,"34":0,"35":0,"36":0,"37":0,"38":0,"39":0,"40":0,"41":0,"42":0,"43":2},"f":{"0":2,"1":2,"2":0},"b":{"0":[0,0],"1":[0,0],"2":[0,0],"3":[0,0],"4":[0,0],"5":[0,0],"6":[0,0],"7":[0,0],"8":[0,0],"9":[0,0],"10":[0,0],"11":[0,0],"12":[0,0],"13":[0,0],"14":[0,0],"15":[0,0],"16":[0,0],"17":[0,0],"18":[0,0],"19":[0,0],"20":[0,0],"21":[0,0],"22":[0,0],"23":[0,0]}}
,"C:\\palmira\\OBS SCHOOL\\OCTAVO MODULO TESTING Y SEGURIDAD\\Proyecto-Testing-Y-Seguridad\\api\\src\\config\\server\\server.ts": {"path":"C:\\palmira\\OBS SCHOOL\\OCTAVO MODULO TESTING Y SEGURIDAD\\Proyecto-Testing-Y-Seguridad\\api\\src\\config\\server\\server.ts","statementMap":{"0":{"start":{"line":1,"column":0},"end":{"line":1,"column":30}},"1":{"start":{"line":2,"column":0},"end":{"line":2,"column":55}},"2":{"start":{"line":3,"column":0},"end":{"line":3,"column":39}},"3":{"start":{"line":8,"column":33},"end":{"line":8,"column":42}},"4":{"start":{"line":13,"column":0},"end":{"line":13,"column":26}},"5":{"start":{"line":18,"column":0},"end":{"line":18,"column":17}},"6":{"start":{"line":23,"column":0},"end":{"line":23,"column":33}},"7":{"start":{"line":28,"column":0},"end":{"line":28,"column":42}},"8":{"start":{"line":33,"column":0},"end":{"line":33,"column":55}},"9":{"start":{"line":40,"column":0},"end":{"line":45,"column":3}},"10":{"start":{"line":41,"column":1},"end":{"line":44,"column":4}},"11":{"start":{"line":47,"column":0},"end":{"line":47,"column":19}}},"fnMap":{"0":{"name":"(anonymous_7)","decl":{"start":{"line":40,"column":8},"end":{"line":40,"column":9}},"loc":{"start":{"line":40,"column":21},"end":{"line":45,"column":1}}}},"branchMap":{"0":{"loc":{"start":{"line":28,"column":16},"end":{"line":28,"column":40}},"type":"binary-expr","locations":[{"start":{"line":28,"column":16},"end":{"line":28,"column":32}},{"start":{"line":28,"column":36},"end":{"line":28,"column":40}}]},"1":{"loc":{"start":{"line":33,"column":18},"end":{"line":33,"column":53}},"type":"binary-expr","locations":[{"start":{"line":33,"column":18},"end":{"line":33,"column":36}},{"start":{"line":33,"column":40},"end":{"line":33,"column":53}}]}},"s":{"0":2,"1":2,"2":2,"3":2,"4":2,"5":2,"6":2,"7":2,"8":2,"9":2,"10":0,"11":2},"f":{"0":0},"b":{"0":[2,0],"1":[2,0]}}
,"C:\\palmira\\OBS SCHOOL\\OCTAVO MODULO TESTING Y SEGURIDAD\\Proyecto-Testing-Y-Seguridad\\api\\src\\model\\project.ts": {"path":"C:\\palmira\\OBS SCHOOL\\OCTAVO MODULO TESTING Y SEGURIDAD\\Proyecto-Testing-Y-Seguridad\\api\\src\\model\\project.ts","statementMap":{"0":{"start":{"line":1,"column":0},"end":{"line":1,"column":54}},"1":{"start":{"line":13,"column":30},"end":{"line":21,"column":2}},"2":{"start":{"line":23,"column":21},"end":{"line":23,"column":71}},"3":{"start":{"line":24,"column":0},"end":{"line":24,"column":28}}},"fnMap":{},"branchMap":{},"s":{"0":1,"1":1,"2":1,"3":1},"f":{},"b":{}}
,"C:\\palmira\\OBS SCHOOL\\OCTAVO MODULO TESTING Y SEGURIDAD\\Proyecto-Testing-Y-Seguridad\\api\\src\\routes\\AboutMeRouter.ts": {"path":"C:\\palmira\\OBS SCHOOL\\OCTAVO MODULO TESTING Y SEGURIDAD\\Proyecto-Testing-Y-Seguridad\\api\\src\\routes\\AboutMeRouter.ts","statementMap":{"0":{"start":{"line":1,"column":0},"end":{"line":1,"column":33}},"1":{"start":{"line":2,"column":0},"end":{"line":2,"column":49}},"2":{"start":{"line":7,"column":23},"end":{"line":7,"column":31}},"3":{"start":{"line":9,"column":0},"end":{"line":9,"column":42}},"4":{"start":{"line":14,"column":0},"end":{"line":14,"column":22}}},"fnMap":{},"branchMap":{},"s":{"0":2,"1":2,"2":2,"3":2,"4":2},"f":{},"b":{}}
,"C:\\palmira\\OBS SCHOOL\\OCTAVO MODULO TESTING Y SEGURIDAD\\Proyecto-Testing-Y-Seguridad\\api\\src\\routes\\AuthRouter.ts": {"path":"C:\\palmira\\OBS SCHOOL\\OCTAVO MODULO TESTING Y SEGURIDAD\\Proyecto-Testing-Y-Seguridad\\api\\src\\routes\\AuthRouter.ts","statementMap":{"0":{"start":{"line":1,"column":0},"end":{"line":1,"column":46}},"1":{"start":{"line":2,"column":0},"end":{"line":2,"column":33}},"2":{"start":{"line":7,"column":23},"end":{"line":7,"column":31}},"3":{"start":{"line":9,"column":0},"end":{"line":9,"column":43}},"4":{"start":{"line":15,"column":0},"end":{"line":15,"column":22}}},"fnMap":{},"branchMap":{},"s":{"0":2,"1":2,"2":2,"3":2,"4":2},"f":{},"b":{}}
,"C:\\palmira\\OBS SCHOOL\\OCTAVO MODULO TESTING Y SEGURIDAD\\Proyecto-Testing-Y-Seguridad\\api\\src\\routes\\ProjectsRouter.ts": {"path":"C:\\palmira\\OBS SCHOOL\\OCTAVO MODULO TESTING Y SEGURIDAD\\Proyecto-Testing-Y-Seguridad\\api\\src\\routes\\ProjectsRouter.ts","statementMap":{"0":{"start":{"line":1,"column":0},"end":{"line":1,"column":33}},"1":{"start":{"line":2,"column":0},"end":{"line":2,"column":50}},"2":{"start":{"line":3,"column":0},"end":{"line":3,"column":58}},"3":{"start":{"line":8,"column":23},"end":{"line":8,"column":31}},"4":{"start":{"line":11,"column":0},"end":{"line":11,"column":43}},"5":{"start":{"line":12,"column":0},"end":{"line":12,"column":46}},"6":{"start":{"line":14,"column":0},"end":{"line":14,"column":70}},"7":{"start":{"line":16,"column":0},"end":{"line":16,"column":69}},"8":{"start":{"line":18,"column":0},"end":{"line":18,"column":72}},"9":{"start":{"line":23,"column":0},"end":{"line":23,"column":22}}},"fnMap":{},"branchMap":{},"s":{"0":2,"1":2,"2":2,"3":2,"4":2,"5":2,"6":2,"7":2,"8":2,"9":2},"f":{},"b":{}}
,"C:\\palmira\\OBS SCHOOL\\OCTAVO MODULO TESTING Y SEGURIDAD\\Proyecto-Testing-Y-Seguridad\\api\\src\\routes\\UserRouter.ts": {"path":"C:\\palmira\\OBS SCHOOL\\OCTAVO MODULO TESTING Y SEGURIDAD\\Proyecto-Testing-Y-Seguridad\\api\\src\\routes\\UserRouter.ts","statementMap":{"0":{"start":{"line":1,"column":0},"end":{"line":1,"column":33}},"1":{"start":{"line":2,"column":0},"end":{"line":2,"column":46}},"2":{"start":{"line":3,"column":0},"end":{"line":3,"column":45}},"3":{"start":{"line":8,"column":23},"end":{"line":8,"column":31}},"4":{"start":{"line":11,"column":0},"end":{"line":11,"column":51}},"5":{"start":{"line":12,"column":0},"end":{"line":12,"column":51}},"6":{"start":{"line":13,"column":0},"end":{"line":13,"column":54}},"7":{"start":{"line":14,"column":0},"end":{"line":14,"column":56}},"8":{"start":{"line":19,"column":0},"end":{"line":19,"column":22}}},"fnMap":{},"branchMap":{},"s":{"0":2,"1":2,"2":2,"3":2,"4":2,"5":2,"6":2,"7":2,"8":2},"f":{},"b":{}}
,"C:\\palmira\\OBS SCHOOL\\OCTAVO MODULO TESTING Y SEGURIDAD\\Proyecto-Testing-Y-Seguridad\\api\\src\\routes\\index.ts": {"path":"C:\\palmira\\OBS SCHOOL\\OCTAVO MODULO TESTING Y SEGURIDAD\\Proyecto-Testing-Y-Seguridad\\api\\src\\routes\\index.ts","statementMap":{"0":{"start":{"line":2,"column":0},"end":{"line":2,"column":35}},"1":{"start":{"line":3,"column":0},"end":{"line":3,"column":58}},"2":{"start":{"line":4,"column":0},"end":{"line":4,"column":48}},"3":{"start":{"line":5,"column":0},"end":{"line":5,"column":38}},"4":{"start":{"line":6,"column":0},"end":{"line":6,"column":38}},"5":{"start":{"line":7,"column":0},"end":{"line":7,"column":44}},"6":{"start":{"line":8,"column":0},"end":{"line":8,"column":46}},"7":{"start":{"line":14,"column":0},"end":{"line":22,"column":null}},"8":{"start":{"line":15,"column":2},"end":{"line":15,"column":45}},"9":{"start":{"line":17,"column":2},"end":{"line":17,"column":69}},"10":{"start":{"line":18,"column":2},"end":{"line":18,"column":65}},"11":{"start":{"line":19,"column":2},"end":{"line":19,"column":33}},"12":{"start":{"line":20,"column":2},"end":{"line":20,"column":68}},"13":{"start":{"line":21,"column":2},"end":{"line":21,"column":69}},"14":{"start":{"line":29,"column":33},"end":{"line":29,"column":49}},"15":{"start":{"line":37,"column":2},"end":{"line":37,"column":62}},"16":{"start":{"line":45,"column":2},"end":{"line":45,"column":40}},"17":{"start":{"line":53,"column":2},"end":{"line":53,"column":42}},"18":{"start":{"line":59,"column":2},"end":{"line":59,"column":31}},"19":{"start":{"line":67,"column":2},"end":{"line":70,"column":null}},"20":{"start":{"line":68,"column":4},"end":{"line":68,"column":38}},"21":{"start":{"line":69,"column":4},"end":{"line":69,"column":50}},"22":{"start":{"line":76,"column":2},"end":{"line":76,"column":18}},"23":{"start":{"line":28,"column":0},"end":{"line":28,"column":16}}},"fnMap":{"0":{"name":"init","decl":{"start":{"line":28,"column":16},"end":{"line":28,"column":20}},"loc":{"start":{"line":28,"column":45},"end":{"line":77,"column":1}}}},"branchMap":{"0":{"loc":{"start":{"line":67,"column":2},"end":{"line":70,"column":null}},"type":"if","locations":[{"start":{"line":67,"column":2},"end":{"line":70,"column":null}},{"start":{},"end":{}}]}},"s":{"0":2,"1":2,"2":2,"3":2,"4":2,"5":2,"6":2,"7":2,"8":2,"9":0,"10":0,"11":0,"12":0,"13":0,"14":2,"15":2,"16":2,"17":2,"18":2,"19":2,"20":2,"21":2,"22":2,"23":2},"f":{"0":2},"b":{"0":[2,0]}}
,"C:\\palmira\\OBS SCHOOL\\OCTAVO MODULO TESTING Y SEGURIDAD\\Proyecto-Testing-Y-Seguridad\\api\\src\\tests\\factories\\projectFactory.ts": {"path":"C:\\palmira\\OBS SCHOOL\\OCTAVO MODULO TESTING Y SEGURIDAD\\Proyecto-Testing-Y-Seguridad\\api\\src\\tests\\factories\\projectFactory.ts","statementMap":{"0":{"start":{"line":3,"column":23},"end":{"line":3,"column":24}},"1":{"start":{"line":6,"column":13},"end":{"line":6,"column":31}},"2":{"start":{"line":7,"column":15},"end":{"line":15,"column":4}},"3":{"start":{"line":16,"column":2},"end":{"line":16,"column":35}},"4":{"start":{"line":5,"column":0},"end":{"line":5,"column":16}},"5":{"start":{"line":20,"column":2},"end":{"line":20,"column":61}},"6":{"start":{"line":20,"column":45},"end":{"line":20,"column":59}},"7":{"start":{"line":19,"column":0},"end":{"line":19,"column":16}},"8":{"start":{"line":24,"column":2},"end":{"line":24,"column":23}},"9":{"start":{"line":23,"column":0},"end":{"line":23,"column":16}}},"fnMap":{"0":{"name":"buildProject","decl":{"start":{"line":5,"column":16},"end":{"line":5,"column":28}},"loc":{"start":{"line":5,"column":43},"end":{"line":17,"column":1}}},"1":{"name":"buildProjects","decl":{"start":{"line":19,"column":16},"end":{"line":19,"column":29}},"loc":{"start":{"line":19,"column":39},"end":{"line":21,"column":1}}},"2":{"name":"(anonymous_2)","decl":{"start":{"line":20,"column":39},"end":{"line":20,"column":42}},"loc":{"start":{"line":20,"column":45},"end":{"line":20,"column":59}}},"3":{"name":"resetProjectFactory","decl":{"start":{"line":23,"column":16},"end":{"line":23,"column":35}},"loc":{"start":{"line":23,"column":35},"end":{"line":25,"column":1}}}},"branchMap":{"0":{"loc":{"start":{"line":5,"column":29},"end":{"line":5,"column":43}},"type":"default-arg","locations":[{"start":{"line":5,"column":41},"end":{"line":5,"column":43}}]},"1":{"loc":{"start":{"line":19,"column":30},"end":{"line":19,"column":39}},"type":"default-arg","locations":[{"start":{"line":19,"column":38},"end":{"line":19,"column":39}}]}},"s":{"0":1,"1":2,"2":2,"3":2,"4":1,"5":0,"6":0,"7":1,"8":8,"9":1},"f":{"0":2,"1":0,"2":0,"3":8},"b":{"0":[0],"1":[0]}}
,"C:\\palmira\\OBS SCHOOL\\OCTAVO MODULO TESTING Y SEGURIDAD\\Proyecto-Testing-Y-Seguridad\\api\\src\\utils\\Logger.ts": {"path":"C:\\palmira\\OBS SCHOOL\\OCTAVO MODULO TESTING Y SEGURIDAD\\Proyecto-Testing-Y-Seguridad\\api\\src\\utils\\Logger.ts","statementMap":{"0":{"start":{"line":1,"column":0},"end":{"line":1,"column":35}},"1":{"start":{"line":3,"column":31},"end":{"line":6,"column":2}},"2":{"start":{"line":8,"column":0},"end":{"line":8,"column":22}}},"fnMap":{},"branchMap":{},"s":{"0":2,"1":2,"2":2},"f":{},"b":{}}
,"C:\\palmira\\OBS SCHOOL\\OCTAVO MODULO TESTING Y SEGURIDAD\\Proyecto-Testing-Y-Seguridad\\api\\src\\utils\\catchAsync.ts": {"path":"C:\\palmira\\OBS SCHOOL\\OCTAVO MODULO TESTING Y SEGURIDAD\\Proyecto-Testing-Y-Seguridad\\api\\src\\utils\\catchAsync.ts","statementMap":{"0":{"start":{"line":5,"column":2},"end":{"line":7,"column":4}},"1":{"start":{"line":6,"column":4},"end":{"line":6,"column":35}},"2":{"start":{"line":4,"column":0},"end":{"line":4,"column":24}}},"fnMap":{"0":{"name":"catchAsync","decl":{"start":{"line":4,"column":24},"end":{"line":4,"column":34}},"loc":{"start":{"line":4,"column":104},"end":{"line":8,"column":1}}},"1":{"name":"(anonymous_1)","decl":{"start":{"line":5,"column":9},"end":{"line":5,"column":10}},"loc":{"start":{"line":5,"column":61},"end":{"line":7,"column":3}}}},"branchMap":{},"s":{"0":8,"1":0,"2":2},"f":{"0":8,"1":0},"b":{}}
}
