TN:
SF:src\components\index.ts
FNF:0
FNH:0
DA:1,2
DA:2,2
DA:3,2
DA:4,2
DA:6,2
LF:5
LH:5
BRF:0
BRH:0
end_of_record
TN:
SF:src\components\validation.ts
FN:24,(anonymous_1)
FN:25,(anonymous_2)
FN:31,(anonymous_3)
FNF:3
FNH:2
FNDA:8,(anonymous_1)
FNDA:8,(anonymous_2)
FNDA:0,(anonymous_3)
DA:1,2
DA:2,2
DA:17,8
DA:25,8
DA:32,0
DA:33,0
DA:43,2
LF:7
LH:5
BRDA:32,0,0,0
BRDA:32,0,1,0
BRF:2
BRH:0
end_of_record
TN:
SF:src\components\AboutMe\index.ts
FN:13,findAll
FN:30,findOne
FN:47,create
FN:64,remove
FNF:4
FNH:0
FNDA:0,findAll
FNDA:0,findOne
FNDA:0,create
FNDA:0,remove
DA:1,2
DA:2,2
DA:13,2
DA:14,0
DA:15,0
DA:17,0
DA:19,0
DA:30,2
DA:31,0
DA:32,0
DA:34,0
DA:36,0
DA:47,2
DA:48,0
DA:49,0
DA:51,0
DA:53,0
DA:64,2
DA:65,0
DA:66,0
DA:68,0
DA:70,0
LF:22
LH:6
BRF:0
BRH:0
end_of_record
TN:
SF:src\components\AboutMe\model.ts
FNF:0
FNH:0
DA:1,2
DA:2,2
DA:32,2
DA:46,2
LF:4
LH:4
BRF:0
BRH:0
end_of_record
TN:
SF:src\components\AboutMe\service.ts
FN:16,(anonymous_8)
FN:34,(anonymous_10)
FN:64,(anonymous_12)
FN:85,(anonymous_14)
FNF:4
FNH:0
FNDA:0,(anonymous_8)
FNDA:0,(anonymous_10)
FNDA:0,(anonymous_12)
FNDA:0,(anonymous_14)
DA:2,2
DA:3,2
DA:5,2
DA:11,2
DA:17,0
DA:18,0
DA:19,0
DA:20,0
DA:22,0
DA:25,0
DA:35,0
DA:38,0
DA:42,0
DA:43,0
DA:46,0
DA:55,0
DA:65,0
DA:66,0
DA:68,0
DA:69,0
DA:72,0
DA:74,0
DA:76,0
DA:86,0
DA:89,0
DA:93,0
DA:94,0
DA:97,0
DA:101,0
DA:103,0
DA:108,2
LF:31
LH:5
BRDA:19,0,0,0
BRDA:19,0,1,0
BRDA:42,1,0,0
BRDA:42,1,1,0
BRDA:68,2,0,0
BRDA:68,2,1,0
BRDA:93,3,0,0
BRDA:93,3,1,0
BRF:8
BRH:0
end_of_record
TN:
SF:src\components\AboutMe\validation.ts
FN:16,(anonymous_1)
FN:33,(anonymous_2)
FN:48,(anonymous_3)
FNF:3
FNH:0
FNDA:0,(anonymous_1)
FNDA:0,(anonymous_2)
FNDA:0,(anonymous_3)
DA:1,2
DA:2,2
DA:17,0
DA:25,0
DA:36,0
DA:40,0
DA:51,0
DA:55,0
DA:59,2
LF:9
LH:3
BRF:0
BRH:0
end_of_record
TN:
SF:src\components\Auth\index.ts
FN:21,signup
FN:45,login
FN:82,user
FNF:3
FNH:0
FNDA:0,signup
FNDA:0,login
FNDA:0,user
DA:1,2
DA:2,2
DA:5,2
DA:6,2
DA:7,2
DA:8,2
DA:21,2
DA:22,0
DA:23,0
DA:25,0
DA:29,0
DA:30,0
DA:32,0
DA:45,2
DA:46,0
DA:47,0
DA:49,0
DA:57,0
DA:66,0
DA:67,0
DA:69,0
DA:82,2
DA:83,0
DA:84,0
DA:86,0
DA:88,0
DA:89,0
DA:91,0
LF:28
LH:9
BRDA:29,0,0,0
BRDA:29,0,1,0
BRDA:66,1,0,0
BRDA:66,1,1,0
BRDA:88,2,0,0
BRDA:88,2,1,0
BRF:6
BRH:0
end_of_record
TN:
SF:src\components\Auth\service.ts
FN:17,(anonymous_8)
FN:50,(anonymous_10)
FNF:2
FNH:0
FNDA:0,(anonymous_8)
FNDA:0,(anonymous_10)
DA:2,2
DA:3,2
DA:11,2
DA:18,0
DA:19,0
DA:21,0
DA:22,0
DA:25,0
DA:30,0
DA:34,0
DA:35,0
DA:38,0
DA:40,0
DA:42,0
DA:51,0
DA:52,0
DA:54,0
DA:55,0
DA:58,0
DA:62,0
DA:64,0
DA:65,0
DA:68,0
DA:70,0
DA:75,2
LF:25
LH:4
BRDA:21,0,0,0
BRDA:21,0,1,0
BRDA:34,1,0,0
BRDA:34,1,1,0
BRDA:54,2,0,0
BRDA:54,2,1,0
BRDA:62,3,0,0
BRDA:62,3,1,0
BRDA:64,4,0,0
BRDA:64,4,1,0
BRF:10
BRH:0
end_of_record
TN:
SF:src\components\Auth\validation.ts
FN:17,(anonymous_1)
FN:35,(anonymous_2)
FNF:2
FNH:0
FNDA:0,(anonymous_1)
FNDA:0,(anonymous_2)
DA:1,2
DA:2,2
DA:18,0
DA:27,0
DA:36,0
DA:45,0
DA:49,2
LF:7
LH:3
BRF:0
BRH:0
end_of_record
TN:
SF:src\components\Projects\index.ts
FN:13,findAll
FN:17,(anonymous_10)
FN:30,findOne
FN:50,create
FN:66,update
FN:85,remove
FNF:6
FNH:2
FNDA:0,findAll
FNDA:0,(anonymous_10)
FNDA:2,findOne
FNDA:5,create
FNDA:0,update
FNDA:0,remove
DA:1,2
DA:2,2
DA:13,2
DA:14,0
DA:15,0
DA:17,0
DA:19,0
DA:30,2
DA:31,2
DA:32,2
DA:33,2
DA:34,1
DA:35,1
DA:37,1
DA:39,0
DA:50,2
DA:51,5
DA:52,5
DA:53,4
DA:55,1
DA:66,2
DA:67,0
DA:68,0
DA:69,0
DA:70,0
DA:72,0
DA:74,0
DA:85,2
DA:86,0
DA:87,0
DA:89,0
DA:91,0
LF:32
LH:17
BRDA:33,0,0,1
BRDA:33,0,1,1
BRF:2
BRH:2
end_of_record
TN:
SF:src\components\Projects\model.ts
FNF:0
FNH:0
DA:1,2
DA:34,2
DA:50,2
LF:3
LH:3
BRF:0
BRH:0
end_of_record
TN:
SF:src\components\Projects\service.ts
FN:17,(anonymous_8)
FN:30,(anonymous_10)
FN:60,(anonymous_12)
FN:83,(anonymous_14)
FNF:4
FNH:2
FNDA:0,(anonymous_8)
FNDA:2,(anonymous_10)
FNDA:5,(anonymous_12)
FNDA:0,(anonymous_14)
DA:2,2
DA:3,2
DA:4,2
DA:6,2
DA:12,2
DA:18,0
DA:19,0
DA:21,0
DA:31,2
DA:34,2
DA:38,2
DA:39,0
DA:42,2
DA:51,0
DA:61,5
DA:62,5
DA:63,5
DA:65,1
DA:68,4
DA:69,4
DA:71,4
DA:72,4
DA:74,1
DA:84,0
DA:87,0
DA:91,0
DA:92,0
DA:95,0
DA:99,0
DA:101,0
DA:106,2
LF:31
LH:19
BRDA:38,0,0,0
BRDA:38,0,1,2
BRDA:63,1,0,1
BRDA:63,1,1,4
BRDA:68,2,0,4
BRDA:68,2,1,0
BRDA:91,3,0,0
BRDA:91,3,1,0
BRF:8
BRH:4
end_of_record
TN:
SF:src\components\Projects\validation.ts
FN:16,(anonymous_1)
FN:35,(anonymous_2)
FN:49,(anonymous_3)
FNF:3
FNH:2
FNDA:5,(anonymous_1)
FNDA:2,(anonymous_2)
FNDA:0,(anonymous_3)
DA:1,2
DA:2,2
DA:17,5
DA:27,5
DA:38,2
DA:41,2
DA:52,0
DA:56,0
DA:60,2
LF:9
LH:7
BRF:0
BRH:0
end_of_record
TN:
SF:src\components\User\index.ts
FN:12,findAll
FN:24,findOne
FN:51,create
FN:78,remove
FNF:4
FNH:0
FNDA:0,findAll
FNDA:0,findOne
FNDA:0,create
FNDA:0,remove
DA:1,2
DA:12,2
DA:13,0
DA:14,0
DA:24,2
DA:25,0
DA:26,0
DA:27,0
DA:29,0
DA:30,0
DA:31,0
DA:32,0
DA:34,0
DA:39,0
DA:51,2
DA:52,0
DA:53,0
DA:54,0
DA:56,0
DA:57,0
DA:58,0
DA:59,0
DA:61,0
DA:66,0
DA:78,2
DA:79,0
DA:80,0
DA:81,0
DA:83,0
DA:84,0
DA:85,0
DA:86,0
DA:88,0
DA:93,0
LF:34
LH:5
BRDA:29,0,0,0
BRDA:29,0,1,0
BRDA:31,1,0,0
BRDA:31,1,1,0
BRDA:31,2,0,0
BRDA:31,2,1,0
BRDA:31,2,2,0
BRDA:31,2,3,0
BRDA:31,2,4,0
BRDA:56,3,0,0
BRDA:56,3,1,0
BRDA:58,4,0,0
BRDA:58,4,1,0
BRDA:58,5,0,0
BRDA:58,5,1,0
BRDA:58,5,2,0
BRDA:58,5,3,0
BRDA:58,5,4,0
BRDA:83,6,0,0
BRDA:83,6,1,0
BRDA:85,7,0,0
BRDA:85,7,1,0
BRDA:85,8,0,0
BRDA:85,8,1,0
BRDA:85,8,2,0
BRDA:85,8,3,0
BRDA:85,8,4,0
BRF:27
BRH:0
end_of_record
TN:
SF:src\components\User\model.ts
FN:52,(anonymous_13)
FN:72,(anonymous_15)
FNF:2
FNH:0
FNDA:0,(anonymous_13)
FNDA:0,(anonymous_15)
DA:1,2
DA:2,2
DA:3,2
DA:36,2
DA:53,0
DA:54,0
DA:57,0
DA:58,0
DA:60,0
DA:62,0
DA:63,0
DA:65,0
DA:72,2
DA:73,0
DA:74,0
DA:76,0
DA:78,0
DA:82,2
LF:18
LH:6
BRDA:53,0,0,0
BRDA:53,0,1,0
BRF:2
BRH:0
end_of_record
TN:
SF:src\components\User\service.ts
FN:17,(anonymous_8)
FN:30,(anonymous_10)
FN:60,(anonymous_12)
FN:81,(anonymous_14)
FNF:4
FNH:0
FNDA:0,(anonymous_8)
FNDA:0,(anonymous_10)
FNDA:0,(anonymous_12)
FNDA:0,(anonymous_14)
DA:2,2
DA:3,2
DA:5,2
DA:6,2
DA:12,2
DA:18,0
DA:19,0
DA:21,0
DA:31,0
DA:34,0
DA:38,0
DA:39,0
DA:42,0
DA:51,0
DA:61,0
DA:62,0
DA:63,0
DA:64,0
DA:66,0
DA:67,0
DA:69,0
DA:70,0
DA:72,0
DA:82,0
DA:85,0
DA:89,0
DA:90,0
DA:93,0
DA:97,0
DA:99,0
DA:104,2
LF:31
LH:6
BRDA:38,0,0,0
BRDA:38,0,1,0
BRDA:63,1,0,0
BRDA:63,1,1,0
BRDA:69,2,0,0
BRDA:69,2,1,0
BRDA:72,3,0,0
BRDA:72,3,1,0
BRDA:72,4,0,0
BRDA:72,4,1,0
BRDA:72,5,0,0
BRDA:72,5,1,0
BRDA:89,6,0,0
BRDA:89,6,1,0
BRF:14
BRH:0
end_of_record
TN:
SF:src\components\User\validation.ts
FN:16,(anonymous_1)
FN:34,(anonymous_2)
FN:49,(anonymous_3)
FNF:3
FNH:0
FNDA:0,(anonymous_1)
FNDA:0,(anonymous_2)
FNDA:0,(anonymous_3)
DA:1,2
DA:2,2
DA:17,0
DA:26,0
DA:37,0
DA:41,0
DA:52,0
DA:56,0
DA:60,2
LF:9
LH:3
BRF:0
BRH:0
end_of_record
TN:
SF:src\config\connection\connection.ts
FN:25,(anonymous_1)
FN:29,(anonymous_2)
FN:34,(anonymous_3)
FN:38,(anonymous_4)
FN:42,(anonymous_5)
FN:46,(anonymous_6)
FN:50,(anonymous_7)
FN:54,(anonymous_8)
FNF:8
FNH:3
FNDA:0,(anonymous_1)
FNDA:0,(anonymous_2)
FNDA:2,(anonymous_3)
FNDA:2,(anonymous_4)
FNDA:0,(anonymous_5)
FNDA:0,(anonymous_6)
FNDA:2,(anonymous_7)
FNDA:0,(anonymous_8)
DA:1,2
DA:2,2
DA:3,2
DA:12,2
DA:18,2
DA:20,2
DA:22,2
DA:25,2
DA:26,0
DA:29,2
DA:30,0
DA:31,0
DA:34,2
DA:35,2
DA:38,2
DA:39,2
DA:42,2
DA:43,0
DA:46,2
DA:47,0
DA:50,2
DA:51,2
DA:54,2
DA:55,0
LF:24
LH:18
BRF:0
BRH:0
end_of_record
TN:
SF:src\config\env\index.ts
FNF:0
FNH:0
DA:1,2
DA:3,2
DA:14,2
DA:16,2
DA:25,2
DA:34,2
DA:45,2
DA:51,2
LF:8
LH:8
BRDA:14,0,0,2
BRDA:14,0,1,0
BRDA:17,1,0,2
BRDA:17,1,1,0
BRDA:19,2,0,2
BRDA:19,2,1,0
BRDA:20,3,0,2
BRDA:20,3,1,0
BRDA:22,4,0,2
BRDA:22,4,1,0
BRDA:26,5,0,2
BRDA:26,5,1,0
BRDA:28,6,0,2
BRDA:28,6,1,0
BRDA:29,7,0,2
BRDA:29,7,1,0
BRDA:31,8,0,2
BRDA:31,8,1,0
BRDA:35,9,0,2
BRDA:35,9,1,0
BRDA:37,10,0,2
BRDA:37,10,1,0
BRDA:38,11,0,2
BRDA:38,11,1,0
BRDA:40,12,0,2
BRDA:40,12,1,0
BRF:26
BRH:13
end_of_record
TN:
SF:src\config\error\index.ts
FN:21,(anonymous_6)
FNF:1
FNH:1
FNDA:3,(anonymous_6)
DA:1,2
DA:8,2
DA:22,3
DA:24,3
DA:26,3
DA:27,3
DA:28,3
DA:32,2
LF:8
LH:8
BRDA:26,0,0,3
BRDA:26,0,1,0
BRDA:28,1,0,3
BRDA:28,1,1,0
BRDA:28,1,2,0
BRF:5
BRH:2
end_of_record
TN:
SF:src\config\error\sendHttpError.ts
FN:4,sendHttpErrorModule
FN:5,(anonymous_1)
FNF:2
FNH:1
FNDA:10,sendHttpErrorModule
FNDA:0,(anonymous_1)
DA:4,2
DA:5,10
DA:6,0
DA:13,10
LF:4
LH:3
BRF:0
BRH:0
end_of_record
TN:
SF:src\config\middleware\jwtAuth.ts
FN:26,isAuthenticated
FNF:1
FNH:1
FNDA:8,isAuthenticated
DA:1,2
DA:2,2
DA:4,2
DA:5,2
DA:6,2
DA:26,2
DA:28,8
DA:30,8
DA:31,5
DA:32,5
DA:34,5
DA:36,5
DA:38,0
DA:44,3
LF:14
LH:13
BRDA:30,0,0,5
BRDA:30,0,1,3
BRDA:30,1,0,8
BRDA:30,1,1,5
BRF:4
BRH:4
end_of_record
TN:
SF:src\config\middleware\middleware.ts
FN:17,configure
FN:51,initErrorHandler
FN:52,(anonymous_3)
FNF:3
FNH:2
FNDA:2,configure
FNDA:2,initErrorHandler
FNDA:0,(anonymous_3)
DA:1,2
DA:2,2
DA:3,2
DA:4,2
DA:5,2
DA:7,2
DA:8,2
DA:9,2
DA:10,2
DA:17,2
DA:19,2
DA:24,2
DA:26,2
DA:28,2
DA:30,2
DA:32,2
DA:40,2
DA:51,2
DA:52,2
DA:53,0
DA:54,0
DA:57,0
DA:58,0
DA:59,0
DA:61,0
DA:62,0
DA:63,0
DA:64,0
DA:71,0
DA:72,0
DA:73,0
DA:74,0
DA:76,0
DA:77,0
DA:78,0
DA:79,0
DA:86,0
DA:87,0
DA:88,0
DA:90,0
DA:91,0
DA:92,0
DA:93,0
DA:102,0
LF:44
LH:19
BRDA:53,0,0,0
BRDA:53,0,1,0
BRDA:57,1,0,0
BRDA:57,1,1,0
BRDA:58,2,0,0
BRDA:58,2,1,0
BRDA:61,3,0,0
BRDA:61,3,1,0
BRDA:61,4,0,0
BRDA:61,4,1,0
BRDA:62,5,0,0
BRDA:62,5,1,0
BRDA:62,6,0,0
BRDA:62,6,1,0
BRDA:63,7,0,0
BRDA:63,7,1,0
BRDA:63,8,0,0
BRDA:63,8,1,0
BRDA:71,9,0,0
BRDA:71,9,1,0
BRDA:73,10,0,0
BRDA:73,10,1,0
BRDA:76,11,0,0
BRDA:76,11,1,0
BRDA:76,12,0,0
BRDA:76,12,1,0
BRDA:77,13,0,0
BRDA:77,13,1,0
BRDA:77,14,0,0
BRDA:77,14,1,0
BRDA:78,15,0,0
BRDA:78,15,1,0
BRDA:78,16,0,0
BRDA:78,16,1,0
BRDA:87,17,0,0
BRDA:87,17,1,0
BRDA:90,18,0,0
BRDA:90,18,1,0
BRDA:90,19,0,0
BRDA:90,19,1,0
BRDA:91,20,0,0
BRDA:91,20,1,0
BRDA:91,21,0,0
BRDA:91,21,1,0
BRDA:92,22,0,0
BRDA:92,22,1,0
BRDA:92,23,0,0
BRDA:92,23,1,0
BRF:48
BRH:0
end_of_record
TN:
SF:src\config\server\server.ts
FN:40,(anonymous_7)
FNF:1
FNH:0
FNDA:0,(anonymous_7)
DA:1,2
DA:2,2
DA:3,2
DA:8,2
DA:13,2
DA:18,2
DA:23,2
DA:28,2
DA:33,2
DA:40,2
DA:41,0
DA:47,2
LF:12
LH:11
BRDA:28,0,0,2
BRDA:28,0,1,0
BRDA:33,1,0,2
BRDA:33,1,1,0
BRF:4
BRH:2
end_of_record
TN:
SF:src\model\project.ts
FNF:0
FNH:0
DA:1,1
DA:13,1
DA:23,1
DA:24,1
LF:4
LH:4
BRF:0
BRH:0
end_of_record
TN:
SF:src\routes\AboutMeRouter.ts
FNF:0
FNH:0
DA:1,2
DA:2,2
DA:7,2
DA:9,2
DA:14,2
LF:5
LH:5
BRF:0
BRH:0
end_of_record
TN:
SF:src\routes\AuthRouter.ts
FNF:0
FNH:0
DA:1,2
DA:2,2
DA:7,2
DA:9,2
DA:15,2
LF:5
LH:5
BRF:0
BRH:0
end_of_record
TN:
SF:src\routes\ProjectsRouter.ts
FNF:0
FNH:0
DA:1,2
DA:2,2
DA:3,2
DA:8,2
DA:11,2
DA:12,2
DA:14,2
DA:16,2
DA:18,2
DA:23,2
LF:10
LH:10
BRF:0
BRH:0
end_of_record
TN:
SF:src\routes\UserRouter.ts
FNF:0
FNH:0
DA:1,2
DA:2,2
DA:3,2
DA:8,2
DA:11,2
DA:12,2
DA:13,2
DA:14,2
DA:19,2
LF:9
LH:9
BRF:0
BRH:0
end_of_record
TN:
SF:src\routes\index.ts
FN:28,init
FNF:1
FNH:1
FNDA:2,init
DA:2,2
DA:3,2
DA:4,2
DA:5,2
DA:6,2
DA:7,2
DA:8,2
DA:14,2
DA:15,2
DA:17,0
DA:18,0
DA:19,0
DA:20,0
DA:21,0
DA:28,2
DA:29,2
DA:37,2
DA:45,2
DA:53,2
DA:59,2
DA:67,2
DA:68,2
DA:69,2
DA:76,2
LF:24
LH:19
BRDA:67,0,0,2
BRDA:67,0,1,0
BRF:2
BRH:1
end_of_record
TN:
SF:src\tests\factories\projectFactory.ts
FN:5,buildProject
FN:19,buildProjects
FN:20,(anonymous_2)
FN:23,resetProjectFactory
FNF:4
FNH:2
FNDA:2,buildProject
FNDA:0,buildProjects
FNDA:0,(anonymous_2)
FNDA:8,resetProjectFactory
DA:3,1
DA:5,1
DA:6,2
DA:7,2
DA:16,2
DA:19,1
DA:20,0
DA:23,1
DA:24,8
LF:9
LH:8
BRDA:5,0,0,0
BRDA:19,1,0,0
BRF:2
BRH:0
end_of_record
TN:
SF:src\utils\Logger.ts
FNF:0
FNH:0
DA:1,2
DA:3,2
DA:8,2
LF:3
LH:3
BRF:0
BRH:0
end_of_record
TN:
SF:src\utils\catchAsync.ts
FN:4,catchAsync
FN:5,(anonymous_1)
FNF:2
FNH:1
FNDA:8,catchAsync
FNDA:0,(anonymous_1)
DA:4,2
DA:5,8
DA:6,0
LF:3
LH:2
BRF:0
BRH:0
end_of_record
